14:15:39.674 [JavaFX Application Thread] DEBUG GameApplication      - Logger initialized
14:15:39.688 [JavaFX Application Thread] DEBUG GameApplication      - Logging settings
Title: Cosby Hunter
Version: 0.1
Width: 800
Height: 600
Fullscreen: false
Intro: false
Menus: true
Profiling: false
Single step:false
App Mode: DEVELOPER
Menu Key: ESCAPE
Stage Style: DECORATED
Scene Factory: class com.almasb.fxgl.scene.SceneFactory
Dialog Factory: class com.almasb.fxgl.ui.FXGLDialogFactory
UI Factory: class com.almasb.fxgl.ui.FXGLUIFactory
Notification Service: class com.almasb.fxgl.gameplay.notification.XboxNotificationView
Exception Handler: class com.almasb.fxgl.app.FXGLExceptionHandler
14:15:39.689 [JavaFX Application Thread] DEBUG GameApplication      - Starting FXGL
14:15:39.700 [JavaFX Application Thread] INFO  FXGL                 - FXGL-0.5.4 on DESKTOP
14:15:39.702 [JavaFX Application Thread] INFO  FXGL                 - Source code and latest versions at: https://github.com/AlmasB/FXGL
14:15:39.703 [JavaFX Application Thread] INFO  FXGL                 -              Join the FXGL chat at: https://gitter.im/AlmasB/FXGL
14:15:39.705 [JavaFX Application Thread] DEBUG FXGL                 - FXGL started
14:15:39.705 [JavaFX Application Thread] DEBUG FXGL                 - Initializing FXGL
14:15:39.749 [JavaFX Application Thread] DEBUG AssetLoader          - Loading from disk: /assets/ui/cursors/fxgl_default.png
14:15:39.856 [JavaFX Application Thread] DEBUG AssetLoader          - Loading from disk: /assets/ui/fonts/VarelaRound-Regular.ttf
14:15:39.984 [JavaFX Application Thread] DEBUG MainWindow           - Creating a JavaFX scene
14:15:40.015 [JavaFX Application Thread] DEBUG MainWindow           - Target settings size: 800.0 x 600.0
14:15:40.015 [JavaFX Application Thread] DEBUG MainWindow           - Scaled scene size:    800.0 x 600.0
14:15:40.015 [JavaFX Application Thread] DEBUG MainWindow           - Scaled ratio: (1.0, 1.0)
14:15:40.017 [JavaFX Application Thread] DEBUG AssetLoader          - Loading from disk: /assets/ui/css/fxgl_dark.css
14:15:40.020 [JavaFX Application Thread] DEBUG AssetLoader          - Loading from disk: /assets/textures/fxgl_icon.png
14:15:40.035 [JavaFX Application Thread] DEBUG MainWindow           - Opening main window
14:15:40.319 [JavaFX Application Thread] DEBUG MainWindow           - Window border size: (16.0, 39.0)
14:15:40.320 [JavaFX Application Thread] DEBUG MainWindow           - Scaled size: 800.0 x 600.0
14:15:40.320 [JavaFX Application Thread] DEBUG MainWindow           - Scaled ratio: (1.0, 1.0)
14:15:40.320 [JavaFX Application Thread] DEBUG MainWindow           - Scene size: 800.0 x 600.0
14:15:40.320 [JavaFX Application Thread] DEBUG MainWindow           - Stage size: 816.0 x 639.0
14:15:40.354 [ForkJoinPool.commonPool-worker-1] DEBUG FS                   - Loaded DesktopFSService
14:15:40.358 [ForkJoinPool.commonPool-worker-1] DEBUG FXGL                 - Loading default FXGL system data
14:15:40.359 [ForkJoinPool.commonPool-worker-1] DEBUG FXGL                 - Initializing state machine and application states
14:15:40.361 [ForkJoinPool.commonPool-worker-1] DEBUG AssetLoader          - Loading from disk: /assets/ui/cursors/fxgl_default.png
14:15:40.373 [ForkJoinPool.commonPool-worker-2] DEBUG UpdaterTask          - Checking for updates
14:15:40.387 [ForkJoinPool.commonPool-worker-1] DEBUG AssetLoader          - Loading from disk: /assets/ui/cursors/fxgl_default.png
14:15:40.399 [ForkJoinPool.commonPool-worker-1] DEBUG AssetLoader          - Loading from cache: /assets/ui/fonts/VarelaRound-Regular.ttf
14:15:40.402 [ForkJoinPool.commonPool-worker-1] DEBUG AssetLoader          - Loading from disk: /assets/ui/cursors/fxgl_default.png
14:15:40.405 [ForkJoinPool.commonPool-worker-1] DEBUG GameScene            - Game scene initialized: 800x600
14:15:40.410 [ForkJoinPool.commonPool-worker-1] DEBUG GameWorld            - Game world initialized
14:15:40.454 [ForkJoinPool.commonPool-worker-1] DEBUG PhysicsWorld         - Physics world initialized: appHeight=600, physics.ppm=50,0
14:15:40.522 [ForkJoinPool.commonPool-worker-1] DEBUG AssetLoader          - Loading from disk: /assets/ui/cursors/fxgl_default.png
14:15:40.526 [ForkJoinPool.commonPool-worker-1] DEBUG AssetLoader          - Loading from disk: /assets/properties/languages/english.properties
14:15:40.527 [ForkJoinPool.commonPool-worker-1] DEBUG AssetLoader          - Loading from cache: /assets/ui/fonts/VarelaRound-Regular.ttf
14:15:40.528 [ForkJoinPool.commonPool-worker-1] DEBUG AssetLoader          - Loading from cache: /assets/ui/fonts/VarelaRound-Regular.ttf
14:15:40.528 [ForkJoinPool.commonPool-worker-1] DEBUG AssetLoader          - Loading from cache: /assets/ui/fonts/VarelaRound-Regular.ttf
14:15:40.538 [ForkJoinPool.commonPool-worker-1] DEBUG AssetLoader          - Loading from disk: /assets/textures/particles/trace_horizontal.png
14:15:40.565 [ForkJoinPool.commonPool-worker-1] DEBUG AssetLoader          - Loading from cache: /assets/ui/fonts/VarelaRound-Regular.ttf
14:15:40.566 [ForkJoinPool.commonPool-worker-1] DEBUG FXGL.Menu            - createMenuBodyMainMenu()
14:15:40.577 [ForkJoinPool.commonPool-worker-1] DEBUG AssetLoader          - Loading from cache: /assets/ui/fonts/VarelaRound-Regular.ttf
14:15:40.580 [ForkJoinPool.commonPool-worker-1] DEBUG AssetLoader          - Loading from cache: /assets/properties/languages/english.properties
14:15:40.584 [ForkJoinPool.commonPool-worker-1] DEBUG AssetLoader          - Loading from cache: /assets/ui/fonts/VarelaRound-Regular.ttf
14:15:40.584 [ForkJoinPool.commonPool-worker-1] DEBUG AssetLoader          - Loading from cache: /assets/properties/languages/english.properties
14:15:40.585 [ForkJoinPool.commonPool-worker-1] DEBUG FXGL.Menu            - createOptionsMenu()
14:15:40.585 [ForkJoinPool.commonPool-worker-1] DEBUG AssetLoader          - Loading from cache: /assets/ui/fonts/VarelaRound-Regular.ttf
14:15:40.585 [ForkJoinPool.commonPool-worker-1] DEBUG AssetLoader          - Loading from cache: /assets/properties/languages/english.properties
14:15:40.598 [ForkJoinPool.commonPool-worker-1] DEBUG AssetLoader          - Loading from cache: /assets/ui/fonts/VarelaRound-Regular.ttf
14:15:40.599 [ForkJoinPool.commonPool-worker-1] DEBUG AssetLoader          - Loading from cache: /assets/properties/languages/english.properties
14:15:40.599 [ForkJoinPool.commonPool-worker-1] DEBUG AssetLoader          - Loading from cache: /assets/ui/fonts/VarelaRound-Regular.ttf
14:15:40.599 [ForkJoinPool.commonPool-worker-1] DEBUG AssetLoader          - Loading from cache: /assets/properties/languages/english.properties
14:15:40.600 [ForkJoinPool.commonPool-worker-1] DEBUG AssetLoader          - Loading from cache: /assets/ui/fonts/VarelaRound-Regular.ttf
14:15:40.600 [ForkJoinPool.commonPool-worker-1] DEBUG AssetLoader          - Loading from cache: /assets/properties/languages/english.properties
14:15:40.600 [ForkJoinPool.commonPool-worker-1] DEBUG AssetLoader          - Loading from cache: /assets/ui/fonts/VarelaRound-Regular.ttf
14:15:40.601 [ForkJoinPool.commonPool-worker-1] DEBUG AssetLoader          - Loading from cache: /assets/properties/languages/english.properties
14:15:40.601 [ForkJoinPool.commonPool-worker-1] DEBUG AssetLoader          - Loading from cache: /assets/ui/fonts/VarelaRound-Regular.ttf
14:15:40.601 [ForkJoinPool.commonPool-worker-1] DEBUG AssetLoader          - Loading from cache: /assets/properties/languages/english.properties
14:15:40.602 [ForkJoinPool.commonPool-worker-1] DEBUG AssetLoader          - Loading from cache: /assets/ui/fonts/VarelaRound-Regular.ttf
14:15:40.602 [ForkJoinPool.commonPool-worker-1] DEBUG AssetLoader          - Loading from cache: /assets/properties/languages/english.properties
14:15:40.603 [ForkJoinPool.commonPool-worker-1] DEBUG AssetLoader          - Loading from cache: /assets/ui/fonts/VarelaRound-Regular.ttf
14:15:40.604 [ForkJoinPool.commonPool-worker-1] DEBUG AssetLoader          - Loading from cache: /assets/properties/languages/english.properties
14:15:40.605 [ForkJoinPool.commonPool-worker-1] DEBUG AssetLoader          - Loading from disk: /assets/textures/particles/smoke.png
14:15:40.646 [ForkJoinPool.commonPool-worker-1] DEBUG AssetLoader          - Loading from disk: /assets/ui/cursors/fxgl_default.png
14:15:40.647 [ForkJoinPool.commonPool-worker-1] DEBUG AssetLoader          - Loading from cache: /assets/properties/languages/english.properties
14:15:40.647 [ForkJoinPool.commonPool-worker-1] DEBUG AssetLoader          - Loading from cache: /assets/ui/fonts/VarelaRound-Regular.ttf
14:15:40.648 [ForkJoinPool.commonPool-worker-1] DEBUG AssetLoader          - Loading from cache: /assets/ui/fonts/VarelaRound-Regular.ttf
14:15:40.648 [ForkJoinPool.commonPool-worker-1] DEBUG AssetLoader          - Loading from cache: /assets/ui/fonts/VarelaRound-Regular.ttf
14:15:40.648 [ForkJoinPool.commonPool-worker-1] DEBUG AssetLoader          - Loading from cache: /assets/textures/particles/trace_horizontal.png@64.0x64.0
14:15:40.648 [ForkJoinPool.commonPool-worker-1] DEBUG AssetLoader          - Loading from cache: /assets/ui/fonts/VarelaRound-Regular.ttf
14:15:40.649 [ForkJoinPool.commonPool-worker-1] DEBUG FXGL.Menu            - createMenuBodyGameMenu()
14:15:40.649 [ForkJoinPool.commonPool-worker-1] DEBUG AssetLoader          - Loading from cache: /assets/ui/fonts/VarelaRound-Regular.ttf
14:15:40.649 [ForkJoinPool.commonPool-worker-1] DEBUG AssetLoader          - Loading from cache: /assets/properties/languages/english.properties
14:15:40.650 [ForkJoinPool.commonPool-worker-1] DEBUG AssetLoader          - Loading from cache: /assets/ui/fonts/VarelaRound-Regular.ttf
14:15:40.650 [ForkJoinPool.commonPool-worker-1] DEBUG AssetLoader          - Loading from cache: /assets/properties/languages/english.properties
14:15:40.650 [ForkJoinPool.commonPool-worker-1] DEBUG FXGL.Menu            - createOptionsMenu()
14:15:40.650 [ForkJoinPool.commonPool-worker-1] DEBUG AssetLoader          - Loading from cache: /assets/ui/fonts/VarelaRound-Regular.ttf
14:15:40.650 [ForkJoinPool.commonPool-worker-1] DEBUG AssetLoader          - Loading from cache: /assets/properties/languages/english.properties
14:15:40.650 [ForkJoinPool.commonPool-worker-1] DEBUG AssetLoader          - Loading from cache: /assets/ui/fonts/VarelaRound-Regular.ttf
14:15:40.651 [ForkJoinPool.commonPool-worker-1] DEBUG AssetLoader          - Loading from cache: /assets/properties/languages/english.properties
14:15:40.651 [ForkJoinPool.commonPool-worker-1] DEBUG AssetLoader          - Loading from cache: /assets/ui/fonts/VarelaRound-Regular.ttf
14:15:40.651 [ForkJoinPool.commonPool-worker-1] DEBUG AssetLoader          - Loading from cache: /assets/properties/languages/english.properties
14:15:40.651 [ForkJoinPool.commonPool-worker-1] DEBUG AssetLoader          - Loading from cache: /assets/ui/fonts/VarelaRound-Regular.ttf
14:15:40.651 [ForkJoinPool.commonPool-worker-1] DEBUG AssetLoader          - Loading from cache: /assets/properties/languages/english.properties
14:15:40.651 [ForkJoinPool.commonPool-worker-1] DEBUG AssetLoader          - Loading from cache: /assets/ui/fonts/VarelaRound-Regular.ttf
14:15:40.670 [ForkJoinPool.commonPool-worker-1] DEBUG AssetLoader          - Loading from cache: /assets/properties/languages/english.properties
14:15:40.670 [ForkJoinPool.commonPool-worker-1] DEBUG AssetLoader          - Loading from cache: /assets/ui/fonts/VarelaRound-Regular.ttf
14:15:40.670 [ForkJoinPool.commonPool-worker-1] DEBUG AssetLoader          - Loading from cache: /assets/properties/languages/english.properties
14:15:40.671 [ForkJoinPool.commonPool-worker-1] DEBUG AssetLoader          - Loading from cache: /assets/ui/fonts/VarelaRound-Regular.ttf
14:15:40.671 [ForkJoinPool.commonPool-worker-1] DEBUG AssetLoader          - Loading from cache: /assets/properties/languages/english.properties
14:15:40.671 [ForkJoinPool.commonPool-worker-1] DEBUG AssetLoader          - Loading from cache: /assets/textures/particles/smoke.png@128.0x128.0
14:15:40.733 [JavaFX Application Thread] DEBUG FXGL                 - Running preInit()
14:15:40.741 [JavaFX Application Thread] DEBUG Input                - Registered new binding: Screenshot - P
14:15:40.741 [JavaFX Application Thread] DEBUG Input                - Registered new binding: Dev Options - CTRL+0
14:15:40.742 [JavaFX Application Thread] DEBUG Input                - Registered new binding: System info dump - CTRL+9
14:15:40.742 [JavaFX Application Thread] DEBUG Input                - Registered new binding: Restart - CTRL+R
14:15:40.742 [JavaFX Application Thread] DEBUG Input                - Registered new binding: Move Right - D
14:15:40.742 [JavaFX Application Thread] DEBUG Input                - Registered new binding: Shoot Space - Space
14:15:40.743 [JavaFX Application Thread] DEBUG Input                - Registered new binding: Move Left - A
14:15:40.743 [JavaFX Application Thread] DEBUG Input                - Registered new binding: Move Up - W
14:15:40.743 [JavaFX Application Thread] DEBUG Input                - Registered new binding: Move Down - S
14:15:40.743 [JavaFX Application Thread] DEBUG MenuEventHandler     - generateDefaultProfile()
14:15:40.743 [JavaFX Application Thread] DEBUG MenuEventHandler     - Creating default profile
14:15:40.743 [JavaFX Application Thread] DEBUG EventBus             - Firing event: SaveEvent
14:15:40.745 [JavaFX Application Thread] DEBUG AudioPlayer          - Saving data to profile
14:15:40.745 [JavaFX Application Thread] DEBUG Bundle               - Logging bundle: audio
14:15:40.745 [JavaFX Application Thread] DEBUG Bundle               - audio.musicVolume=0.5
14:15:40.745 [JavaFX Application Thread] DEBUG Bundle               - audio.soundVolume=0.5
14:15:40.746 [JavaFX Application Thread] DEBUG Input                - Saving data to profile
14:15:40.746 [JavaFX Application Thread] DEBUG Bundle               - Logging bundle: input
14:15:40.746 [JavaFX Application Thread] DEBUG Bundle               - input.Move Right=D
14:15:40.746 [JavaFX Application Thread] DEBUG Bundle               - input.Screenshot=P
14:15:40.746 [JavaFX Application Thread] DEBUG Bundle               - input.System info dump=CTRL+9
14:15:40.746 [JavaFX Application Thread] DEBUG Bundle               - input.Restart=CTRL+R
14:15:40.746 [JavaFX Application Thread] DEBUG Bundle               - input.Move Up=W
14:15:40.746 [JavaFX Application Thread] DEBUG Bundle               - input.Dev Options=CTRL+0
14:15:40.746 [JavaFX Application Thread] DEBUG Bundle               - input.Move Left=A
14:15:40.746 [JavaFX Application Thread] DEBUG Bundle               - input.Move Down=S
14:15:40.746 [JavaFX Application Thread] DEBUG Bundle               - input.Shoot Space=Space
14:15:40.755 [JavaFX Application Thread] DEBUG Bundle               - Logging bundle: gameplayStats
14:15:40.755 [JavaFX Application Thread] DEBUG Bundle               - gameplayStats.playtime=0
14:15:40.756 [JavaFX Application Thread] DEBUG AchievementManager   - Saving data to profile
14:15:40.756 [JavaFX Application Thread] DEBUG Bundle               - Logging bundle: achievement
14:15:40.757 [JavaFX Application Thread] INFO  FXGL                 - FXGL initialization took: 1,051 sec
14:15:40.770 [JavaFX Application Thread] DEBUG LoopRunner           - Starting loop
14:15:40.772 [JavaFX Application Thread] DEBUG StartupState         - STARTUP
14:15:40.772 [JavaFX Application Thread] DEBUG Input                - Clearing active input actions
14:15:40.772 [JavaFX Application Thread] DEBUG AssetLoader          - Loading from disk: /assets/ui/css/fxgl_dark.css
14:15:40.796 [JavaFX Application Thread] DEBUG AppStateMachine      - StartupState -> MainMenuState
14:15:40.800 [JavaFX Application Thread] DEBUG AssetLoader          - Loading from cache: /assets/properties/languages/english.properties
14:15:40.800 [JavaFX Application Thread] DEBUG AssetLoader          - Loading from cache: /assets/ui/fonts/VarelaRound-Regular.ttf
14:15:40.800 [JavaFX Application Thread] DEBUG AssetLoader          - Loading from cache: /assets/properties/languages/english.properties
14:15:40.800 [JavaFX Application Thread] DEBUG AssetLoader          - Loading from cache: /assets/ui/fonts/VarelaRound-Regular.ttf
14:15:40.801 [JavaFX Application Thread] DEBUG AssetLoader          - Loading from cache: /assets/properties/languages/english.properties
14:15:40.801 [JavaFX Application Thread] DEBUG AssetLoader          - Loading from cache: /assets/ui/fonts/VarelaRound-Regular.ttf
14:15:40.803 [JavaFX Application Thread] DEBUG SaveLoadManager      - Checking profiles dir: profiles/
14:15:40.803 [JavaFX Application Thread] DEBUG SaveLoadManager      - Creating non-existent profiles dir
14:15:40.805 [JavaFX Application Thread] DEBUG SaveLoadManager      - Loading profile names
14:15:40.806 [JavaFX Application Thread] DEBUG AssetLoader          - Loading from cache: /assets/properties/languages/english.properties
14:15:40.807 [JavaFX Application Thread] DEBUG AssetLoader          - Loading from cache: /assets/ui/fonts/VarelaRound-Regular.ttf
14:15:40.807 [JavaFX Application Thread] DEBUG AssetLoader          - Loading from cache: /assets/ui/fonts/VarelaRound-Regular.ttf
14:15:40.808 [JavaFX Application Thread] DEBUG AppStateMachine      - Push state: DialogSubState
14:15:40.808 [JavaFX Application Thread] DEBUG Input                - Clearing active input actions
14:15:40.808 [JavaFX Application Thread] DEBUG AppStateMachine      - MainMenuState -> DialogSubState
14:15:40.899 [JavaFX Application Thread] DEBUG AppStateMachine      - Pop state: DialogSubState
14:15:40.899 [JavaFX Application Thread] DEBUG Input                - Clearing active input actions
14:15:40.899 [JavaFX Application Thread] DEBUG AppStateMachine      - MainMenuState <- DialogSubState
14:15:40.899 [JavaFX Application Thread] DEBUG AssetLoader          - Loading from cache: /assets/properties/languages/english.properties
14:15:40.900 [JavaFX Application Thread] DEBUG AssetLoader          - Loading from cache: /assets/ui/fonts/VarelaRound-Regular.ttf
14:15:40.900 [JavaFX Application Thread] DEBUG AssetLoader          - Loading from cache: /assets/ui/fonts/VarelaRound-Regular.ttf
14:15:40.916 [JavaFX Application Thread] DEBUG AppStateMachine      - Push state: DialogSubState
14:15:40.916 [JavaFX Application Thread] DEBUG Input                - Clearing active input actions
14:15:40.916 [JavaFX Application Thread] DEBUG AppStateMachine      - MainMenuState -> DialogSubState
14:15:44.413 [JavaFX Application Thread] DEBUG AppStateMachine      - Pop state: DialogSubState
14:15:44.413 [JavaFX Application Thread] DEBUG Input                - Clearing active input actions
14:15:44.414 [JavaFX Application Thread] DEBUG AppStateMachine      - MainMenuState <- DialogSubState
14:15:44.414 [JavaFX Application Thread] DEBUG AssetLoader          - Loading from cache: /assets/properties/languages/english.properties
14:15:44.415 [JavaFX Application Thread] DEBUG AssetLoader          - Loading from cache: /assets/ui/fonts/VarelaRound-Regular.ttf
14:15:44.420 [JavaFX Application Thread] DEBUG AssetLoader          - Loading from cache: /assets/ui/fonts/VarelaRound-Regular.ttf
14:15:44.421 [JavaFX Application Thread] DEBUG AssetLoader          - Loading from cache: /assets/ui/fonts/VarelaRound-Regular.ttf
14:15:44.421 [JavaFX Application Thread] DEBUG AssetLoader          - Loading from cache: /assets/properties/languages/english.properties
14:15:44.421 [JavaFX Application Thread] DEBUG AssetLoader          - Loading from cache: /assets/ui/fonts/VarelaRound-Regular.ttf
14:15:44.422 [JavaFX Application Thread] DEBUG AppStateMachine      - Push state: DialogSubState
14:15:44.422 [JavaFX Application Thread] DEBUG Input                - Clearing active input actions
14:15:44.422 [JavaFX Application Thread] DEBUG AppStateMachine      - MainMenuState -> DialogSubState
14:15:47.713 [JavaFX Application Thread] DEBUG AssetLoader          - Loading from cache: /assets/sounds/menu/select.wav
14:15:48.018 [JavaFX Application Thread] DEBUG AssetLoader          - Loading from cache: /assets/sounds/menu/select.wav
14:15:48.265 [JavaFX Application Thread] DEBUG AppStateMachine      - Pop state: DialogSubState
14:15:48.265 [JavaFX Application Thread] DEBUG Input                - Clearing active input actions
14:15:48.265 [JavaFX Application Thread] DEBUG AppStateMachine      - MainMenuState <- DialogSubState
14:15:48.265 [JavaFX Application Thread] DEBUG AssetLoader          - Loading from cache: /assets/properties/languages/english.properties
14:15:48.265 [JavaFX Application Thread] DEBUG AssetLoader          - Loading from cache: /assets/ui/fonts/VarelaRound-Regular.ttf
14:15:48.266 [JavaFX Application Thread] DEBUG AssetLoader          - Loading from cache: /assets/properties/languages/english.properties
14:15:48.266 [JavaFX Application Thread] DEBUG AssetLoader          - Loading from cache: /assets/ui/fonts/VarelaRound-Regular.ttf
14:15:48.266 [JavaFX Application Thread] DEBUG MenuEventHandler     - Creating default profile
14:15:48.266 [JavaFX Application Thread] DEBUG EventBus             - Firing event: SaveEvent
14:15:48.266 [JavaFX Application Thread] DEBUG AudioPlayer          - Saving data to profile
14:15:48.266 [JavaFX Application Thread] DEBUG Bundle               - Logging bundle: audio
14:15:48.266 [JavaFX Application Thread] DEBUG Bundle               - audio.musicVolume=0.5
14:15:48.266 [JavaFX Application Thread] DEBUG Bundle               - audio.soundVolume=0.5
14:15:48.266 [JavaFX Application Thread] DEBUG Input                - Saving data to profile
14:15:48.267 [JavaFX Application Thread] DEBUG Bundle               - Logging bundle: input
14:15:48.267 [JavaFX Application Thread] DEBUG Bundle               - input.Move Right=D
14:15:48.267 [JavaFX Application Thread] DEBUG Bundle               - input.Screenshot=P
14:15:48.267 [JavaFX Application Thread] DEBUG Bundle               - input.System info dump=CTRL+9
14:15:48.267 [JavaFX Application Thread] DEBUG Bundle               - input.Restart=CTRL+R
14:15:48.267 [JavaFX Application Thread] DEBUG Bundle               - input.Move Up=W
14:15:48.267 [JavaFX Application Thread] DEBUG Bundle               - input.Dev Options=CTRL+0
14:15:48.267 [JavaFX Application Thread] DEBUG Bundle               - input.Move Left=A
14:15:48.267 [JavaFX Application Thread] DEBUG Bundle               - input.Move Down=S
14:15:48.267 [JavaFX Application Thread] DEBUG Bundle               - input.Shoot Space=Space
14:15:48.267 [JavaFX Application Thread] DEBUG Bundle               - Logging bundle: gameplayStats
14:15:48.267 [JavaFX Application Thread] DEBUG Bundle               - gameplayStats.playtime=0
14:15:48.267 [JavaFX Application Thread] DEBUG AchievementManager   - Saving data to profile
14:15:48.267 [JavaFX Application Thread] DEBUG Bundle               - Logging bundle: achievement
14:15:48.267 [JavaFX Application Thread] DEBUG SaveLoadManager      - Saving profile: Martin
14:15:48.268 [JavaFX Application Thread] DEBUG DesktopFSService     - Creating directories to: .\profiles\Martin
14:15:48.271 [JavaFX Application Thread] DEBUG DesktopFSService     - Writing to: .\profiles\Martin\user.profile
14:15:48.285 [JavaFX Application Thread] DEBUG SaveLoadManager      - Creating non-existent saves dir
14:15:48.980 [JavaFX Application Thread] DEBUG AssetLoader          - Loading from cache: /assets/sounds/menu/select.wav
14:15:49.263 [JavaFX Application Thread] DEBUG FXGL.Menu            - fireNewGame()
14:15:49.263 [JavaFX Application Thread] DEBUG GameApplication      - Starting new game
14:15:49.263 [JavaFX Application Thread] DEBUG Input                - Clearing active input actions
14:15:49.264 [JavaFX Application Thread] DEBUG AssetLoader          - Loading from disk: /assets/ui/css/fxgl_dark.css
14:15:49.269 [JavaFX Application Thread] DEBUG AppStateMachine      - MainMenuState -> LoadingState
14:15:49.271 [FXGL Background Thread 1 ] DEBUG InitAppTask          - Clearing previous game
14:15:49.271 [FXGL Background Thread 1 ] DEBUG GameWorld            - Clearing game world
14:15:49.271 [FXGL Background Thread 1 ] DEBUG PhysicsWorld         - Clearing physics world
14:15:49.271 [FXGL Background Thread 1 ] DEBUG GameScene            - Clearing game scene
14:15:49.272 [FXGL Background Thread 1 ] DEBUG InitAppTask          - Initializing Game
14:15:49.333 [FXGL Background Thread 1 ] DEBUG AssetLoader          - Loading from disk: /assets/textures/gamesprite.png
14:15:49.337 [FXGL Background Thread 1 ] DEBUG GameScene            - Creating render group for layer: DEFAULT(100000)
14:15:49.355 [FXGL Background Thread 1 ] DEBUG AudioPlayer          - Playing music com.almasb.fxgl.audio.Music@4631fae5
14:15:49.356 [FXGL Background Thread 1 ] DEBUG InitAppTask          - Initializing Physics
14:15:49.357 [FXGL Background Thread 1 ] DEBUG InitAppTask          - Initializing UI
14:15:49.357 [FXGL Background Thread 1 ] DEBUG AssetLoader          - Loading from disk: /assets/textures/background.png
14:15:49.369 [FXGL Background Thread 1 ] DEBUG AssetLoader          - Loading from cache: /assets/ui/fonts/VarelaRound-Regular.ttf
14:15:49.370 [FXGL Background Thread 1 ] DEBUG InitAppTask          - Initialization Complete
14:15:49.371 [FXGL Background Thread 1 ] INFO  InitAppTask          - Game initialization took: 0,100 sec
14:15:49.388 [JavaFX Application Thread] DEBUG Input                - Clearing active input actions
14:15:49.388 [JavaFX Application Thread] DEBUG AssetLoader          - Loading from disk: /assets/ui/css/fxgl_dark.css
14:15:49.393 [JavaFX Application Thread] DEBUG AppStateMachine      - LoadingState -> PlayState
14:15:51.325 [JavaFX Application Thread] DEBUG AssetLoader          - Loading from disk: /assets/textures/cosbyboss.png
14:15:52.177 [JavaFX Application Thread] DEBUG AssetLoader          - Loading from cache: /assets/sounds/oof.wav
14:15:53.325 [JavaFX Application Thread] DEBUG AssetLoader          - Loading from cache: /assets/textures/cosbyboss.png
14:15:54.062 [JavaFX Application Thread] DEBUG AssetLoader          - Loading from cache: /assets/sounds/oof.wav
14:15:54.078 [JavaFX Application Thread] DEBUG AssetLoader          - Loading from cache: /assets/sounds/oof.wav
14:15:55.310 [JavaFX Application Thread] DEBUG AssetLoader          - Loading from cache: /assets/textures/cosbyboss.png
14:15:56.477 [JavaFX Application Thread] DEBUG AssetLoader          - Loading from cache: /assets/sounds/oof.wav
14:15:56.493 [JavaFX Application Thread] DEBUG AssetLoader          - Loading from cache: /assets/sounds/oof.wav
14:15:57.308 [JavaFX Application Thread] DEBUG AssetLoader          - Loading from cache: /assets/textures/cosbyboss.png
14:15:57.631 [JavaFX Application Thread] DEBUG FXGL                 - Exiting FXGL
14:15:57.631 [JavaFX Application Thread] DEBUG MenuEventHandler     - Creating default profile
14:15:57.632 [JavaFX Application Thread] DEBUG EventBus             - Firing event: SaveEvent
14:15:57.632 [JavaFX Application Thread] DEBUG AudioPlayer          - Saving data to profile
14:15:57.632 [JavaFX Application Thread] DEBUG Bundle               - Logging bundle: audio
14:15:57.632 [JavaFX Application Thread] DEBUG Bundle               - audio.musicVolume=0.5
14:15:57.632 [JavaFX Application Thread] DEBUG Bundle               - audio.soundVolume=0.5
14:15:57.632 [JavaFX Application Thread] DEBUG Input                - Saving data to profile
14:15:57.632 [JavaFX Application Thread] DEBUG Bundle               - Logging bundle: input
14:15:57.632 [JavaFX Application Thread] DEBUG Bundle               - input.Move Right=D
14:15:57.632 [JavaFX Application Thread] DEBUG Bundle               - input.Screenshot=P
14:15:57.632 [JavaFX Application Thread] DEBUG Bundle               - input.System info dump=CTRL+9
14:15:57.632 [JavaFX Application Thread] DEBUG Bundle               - input.Restart=CTRL+R
14:15:57.632 [JavaFX Application Thread] DEBUG Bundle               - input.Move Up=W
14:15:57.632 [JavaFX Application Thread] DEBUG Bundle               - input.Dev Options=CTRL+0
14:15:57.632 [JavaFX Application Thread] DEBUG Bundle               - input.Move Left=A
14:15:57.632 [JavaFX Application Thread] DEBUG Bundle               - input.Move Down=S
14:15:57.632 [JavaFX Application Thread] DEBUG Bundle               - input.Shoot Space=Space
14:15:57.633 [JavaFX Application Thread] DEBUG Bundle               - Logging bundle: gameplayStats
14:15:57.633 [JavaFX Application Thread] DEBUG Bundle               - gameplayStats.playtime=8349999666
14:15:57.633 [JavaFX Application Thread] DEBUG AchievementManager   - Saving data to profile
14:15:57.633 [JavaFX Application Thread] DEBUG Bundle               - Logging bundle: achievement
14:15:57.633 [JavaFX Application Thread] DEBUG SaveLoadManager      - Saving profile: Martin
14:15:57.634 [JavaFX Application Thread] DEBUG DesktopFSService     - Writing to: .\profiles\Martin\user.profile
14:15:57.636 [JavaFX Application Thread] DEBUG FXGL                 - Shutting down background threads
14:15:57.636 [JavaFX Application Thread] DEBUG FXGL                 - Saving FXGL system data
14:15:57.638 [JavaFX Application Thread] DEBUG DesktopFSService     - Writing to: system\fxgl.bundle
14:15:57.641 [JavaFX Application Thread] DEBUG FXGL                 - Closing logger and exiting JavaFX
