16:23:39.593 [JavaFX Application Thread] DEBUG GameApplication      - Logger initialized
16:23:39.611 [JavaFX Application Thread] DEBUG GameApplication      - Logging settings
Title: Cosby Hunter
Version: 0.1
Width: 800
Height: 600
Fullscreen: false
Intro: false
Menus: true
Profiling: false
Single step:false
App Mode: DEVELOPER
Menu Key: ESCAPE
Stage Style: DECORATED
Scene Factory: class com.almasb.fxgl.scene.SceneFactory
Dialog Factory: class com.almasb.fxgl.ui.FXGLDialogFactory
UI Factory: class com.almasb.fxgl.ui.FXGLUIFactory
Notification Service: class com.almasb.fxgl.gameplay.notification.XboxNotificationView
Exception Handler: class com.almasb.fxgl.app.FXGLExceptionHandler
16:23:39.611 [JavaFX Application Thread] DEBUG GameApplication      - Starting FXGL
16:23:39.620 [JavaFX Application Thread] INFO  FXGL                 - FXGL-0.5.4 on DESKTOP
16:23:39.620 [JavaFX Application Thread] INFO  FXGL                 - Source code and latest versions at: https://github.com/AlmasB/FXGL
16:23:39.620 [JavaFX Application Thread] INFO  FXGL                 -              Join the FXGL chat at: https://gitter.im/AlmasB/FXGL
16:23:39.620 [JavaFX Application Thread] DEBUG FXGL                 - FXGL started
16:23:39.621 [JavaFX Application Thread] DEBUG FXGL                 - Initializing FXGL
16:23:39.652 [JavaFX Application Thread] DEBUG AssetLoader          - Loading from disk: /assets/ui/cursors/fxgl_default.png
16:23:39.724 [JavaFX Application Thread] DEBUG AssetLoader          - Loading from disk: /assets/ui/fonts/VarelaRound-Regular.ttf
16:23:39.819 [JavaFX Application Thread] DEBUG MainWindow           - Creating a JavaFX scene
16:23:39.856 [JavaFX Application Thread] DEBUG MainWindow           - Target settings size: 800.0 x 600.0
16:23:39.856 [JavaFX Application Thread] DEBUG MainWindow           - Scaled scene size:    800.0 x 600.0
16:23:39.856 [JavaFX Application Thread] DEBUG MainWindow           - Scaled ratio: (1.0, 1.0)
16:23:39.858 [JavaFX Application Thread] DEBUG AssetLoader          - Loading from disk: /assets/ui/css/fxgl_dark.css
16:23:39.861 [JavaFX Application Thread] DEBUG AssetLoader          - Loading from disk: /assets/textures/fxgl_icon.png
16:23:39.874 [JavaFX Application Thread] DEBUG MainWindow           - Opening main window
16:23:40.092 [JavaFX Application Thread] DEBUG MainWindow           - Window border size: (16.0, 39.0)
16:23:40.093 [JavaFX Application Thread] DEBUG MainWindow           - Scaled size: 800.0 x 600.0
16:23:40.093 [JavaFX Application Thread] DEBUG MainWindow           - Scaled ratio: (1.0, 1.0)
16:23:40.093 [JavaFX Application Thread] DEBUG MainWindow           - Scene size: 800.0 x 600.0
16:23:40.093 [JavaFX Application Thread] DEBUG MainWindow           - Stage size: 816.0 x 639.0
16:23:40.216 [ForkJoinPool.commonPool-worker-1] DEBUG FS                   - Loaded DesktopFSService
16:23:40.217 [ForkJoinPool.commonPool-worker-1] DEBUG FXGL                 - Loading FXGL system data
16:23:40.223 [ForkJoinPool.commonPool-worker-1] DEBUG DesktopFSService     - Reading from: system\fxgl.bundle
16:23:40.231 [ForkJoinPool.commonPool-worker-1] DEBUG Bundle               - Logging bundle: FXGL
16:23:40.232 [ForkJoinPool.commonPool-worker-1] DEBUG Bundle               - FXGL.offline.timer.version.check=2019-01-25T14:17:59.135599600
16:23:40.233 [ForkJoinPool.commonPool-worker-1] DEBUG FXGL                 - Initializing state machine and application states
16:23:40.234 [ForkJoinPool.commonPool-worker-1] DEBUG AssetLoader          - Loading from disk: /assets/ui/cursors/fxgl_default.png
16:23:40.294 [ForkJoinPool.commonPool-worker-1] DEBUG AssetLoader          - Loading from disk: /assets/ui/cursors/fxgl_default.png
16:23:40.300 [ForkJoinPool.commonPool-worker-1] DEBUG AssetLoader          - Loading from cache: /assets/ui/fonts/VarelaRound-Regular.ttf
16:23:40.303 [ForkJoinPool.commonPool-worker-1] DEBUG AssetLoader          - Loading from disk: /assets/ui/cursors/fxgl_default.png
16:23:40.306 [ForkJoinPool.commonPool-worker-1] DEBUG GameScene            - Game scene initialized: 800x600
16:23:40.313 [ForkJoinPool.commonPool-worker-1] DEBUG GameWorld            - Game world initialized
16:23:40.363 [ForkJoinPool.commonPool-worker-1] DEBUG PhysicsWorld         - Physics world initialized: appHeight=600, physics.ppm=50,0
16:23:40.430 [ForkJoinPool.commonPool-worker-1] DEBUG AssetLoader          - Loading from disk: /assets/ui/cursors/fxgl_default.png
16:23:40.435 [ForkJoinPool.commonPool-worker-1] DEBUG AssetLoader          - Loading from disk: /assets/properties/languages/english.properties
16:23:40.436 [ForkJoinPool.commonPool-worker-1] DEBUG AssetLoader          - Loading from cache: /assets/ui/fonts/VarelaRound-Regular.ttf
16:23:40.437 [ForkJoinPool.commonPool-worker-1] DEBUG AssetLoader          - Loading from cache: /assets/ui/fonts/VarelaRound-Regular.ttf
16:23:40.437 [ForkJoinPool.commonPool-worker-1] DEBUG AssetLoader          - Loading from cache: /assets/ui/fonts/VarelaRound-Regular.ttf
16:23:40.449 [ForkJoinPool.commonPool-worker-1] DEBUG AssetLoader          - Loading from disk: /assets/textures/particles/trace_horizontal.png
16:23:40.473 [ForkJoinPool.commonPool-worker-1] DEBUG AssetLoader          - Loading from cache: /assets/ui/fonts/VarelaRound-Regular.ttf
16:23:40.473 [ForkJoinPool.commonPool-worker-1] DEBUG FXGL.Menu            - createMenuBodyMainMenu()
16:23:40.478 [ForkJoinPool.commonPool-worker-1] DEBUG AssetLoader          - Loading from cache: /assets/ui/fonts/VarelaRound-Regular.ttf
16:23:40.480 [ForkJoinPool.commonPool-worker-1] DEBUG AssetLoader          - Loading from cache: /assets/properties/languages/english.properties
16:23:40.482 [ForkJoinPool.commonPool-worker-1] DEBUG AssetLoader          - Loading from cache: /assets/ui/fonts/VarelaRound-Regular.ttf
16:23:40.483 [ForkJoinPool.commonPool-worker-1] DEBUG AssetLoader          - Loading from cache: /assets/properties/languages/english.properties
16:23:40.484 [ForkJoinPool.commonPool-worker-1] DEBUG FXGL.Menu            - createOptionsMenu()
16:23:40.485 [ForkJoinPool.commonPool-worker-1] DEBUG AssetLoader          - Loading from cache: /assets/ui/fonts/VarelaRound-Regular.ttf
16:23:40.485 [ForkJoinPool.commonPool-worker-1] DEBUG AssetLoader          - Loading from cache: /assets/properties/languages/english.properties
16:23:40.486 [ForkJoinPool.commonPool-worker-1] DEBUG AssetLoader          - Loading from cache: /assets/ui/fonts/VarelaRound-Regular.ttf
16:23:40.487 [ForkJoinPool.commonPool-worker-1] DEBUG AssetLoader          - Loading from cache: /assets/properties/languages/english.properties
16:23:40.487 [ForkJoinPool.commonPool-worker-1] DEBUG AssetLoader          - Loading from cache: /assets/ui/fonts/VarelaRound-Regular.ttf
16:23:40.487 [ForkJoinPool.commonPool-worker-1] DEBUG AssetLoader          - Loading from cache: /assets/properties/languages/english.properties
16:23:40.488 [ForkJoinPool.commonPool-worker-1] DEBUG AssetLoader          - Loading from cache: /assets/ui/fonts/VarelaRound-Regular.ttf
16:23:40.488 [ForkJoinPool.commonPool-worker-1] DEBUG AssetLoader          - Loading from cache: /assets/properties/languages/english.properties
16:23:40.489 [ForkJoinPool.commonPool-worker-1] DEBUG AssetLoader          - Loading from cache: /assets/ui/fonts/VarelaRound-Regular.ttf
16:23:40.489 [ForkJoinPool.commonPool-worker-1] DEBUG AssetLoader          - Loading from cache: /assets/properties/languages/english.properties
16:23:40.490 [ForkJoinPool.commonPool-worker-1] DEBUG AssetLoader          - Loading from cache: /assets/ui/fonts/VarelaRound-Regular.ttf
16:23:40.490 [ForkJoinPool.commonPool-worker-1] DEBUG AssetLoader          - Loading from cache: /assets/properties/languages/english.properties
16:23:40.491 [ForkJoinPool.commonPool-worker-1] DEBUG AssetLoader          - Loading from cache: /assets/ui/fonts/VarelaRound-Regular.ttf
16:23:40.491 [ForkJoinPool.commonPool-worker-1] DEBUG AssetLoader          - Loading from cache: /assets/properties/languages/english.properties
16:23:40.493 [ForkJoinPool.commonPool-worker-1] DEBUG AssetLoader          - Loading from cache: /assets/ui/fonts/VarelaRound-Regular.ttf
16:23:40.493 [ForkJoinPool.commonPool-worker-1] DEBUG AssetLoader          - Loading from cache: /assets/properties/languages/english.properties
16:23:40.494 [ForkJoinPool.commonPool-worker-1] DEBUG AssetLoader          - Loading from disk: /assets/textures/particles/smoke.png
16:23:40.569 [ForkJoinPool.commonPool-worker-1] DEBUG AssetLoader          - Loading from disk: /assets/ui/cursors/fxgl_default.png
16:23:40.570 [ForkJoinPool.commonPool-worker-1] DEBUG AssetLoader          - Loading from cache: /assets/properties/languages/english.properties
16:23:40.570 [ForkJoinPool.commonPool-worker-1] DEBUG AssetLoader          - Loading from cache: /assets/ui/fonts/VarelaRound-Regular.ttf
16:23:40.570 [ForkJoinPool.commonPool-worker-1] DEBUG AssetLoader          - Loading from cache: /assets/ui/fonts/VarelaRound-Regular.ttf
16:23:40.570 [ForkJoinPool.commonPool-worker-1] DEBUG AssetLoader          - Loading from cache: /assets/ui/fonts/VarelaRound-Regular.ttf
16:23:40.571 [ForkJoinPool.commonPool-worker-1] DEBUG AssetLoader          - Loading from cache: /assets/textures/particles/trace_horizontal.png@64.0x64.0
16:23:40.571 [ForkJoinPool.commonPool-worker-1] DEBUG AssetLoader          - Loading from cache: /assets/ui/fonts/VarelaRound-Regular.ttf
16:23:40.571 [ForkJoinPool.commonPool-worker-1] DEBUG FXGL.Menu            - createMenuBodyGameMenu()
16:23:40.572 [ForkJoinPool.commonPool-worker-1] DEBUG AssetLoader          - Loading from cache: /assets/ui/fonts/VarelaRound-Regular.ttf
16:23:40.572 [ForkJoinPool.commonPool-worker-1] DEBUG AssetLoader          - Loading from cache: /assets/properties/languages/english.properties
16:23:40.573 [ForkJoinPool.commonPool-worker-1] DEBUG AssetLoader          - Loading from cache: /assets/ui/fonts/VarelaRound-Regular.ttf
16:23:40.573 [ForkJoinPool.commonPool-worker-1] DEBUG AssetLoader          - Loading from cache: /assets/properties/languages/english.properties
16:23:40.573 [ForkJoinPool.commonPool-worker-1] DEBUG FXGL.Menu            - createOptionsMenu()
16:23:40.573 [ForkJoinPool.commonPool-worker-1] DEBUG AssetLoader          - Loading from cache: /assets/ui/fonts/VarelaRound-Regular.ttf
16:23:40.573 [ForkJoinPool.commonPool-worker-1] DEBUG AssetLoader          - Loading from cache: /assets/properties/languages/english.properties
16:23:40.573 [ForkJoinPool.commonPool-worker-1] DEBUG AssetLoader          - Loading from cache: /assets/ui/fonts/VarelaRound-Regular.ttf
16:23:40.574 [ForkJoinPool.commonPool-worker-1] DEBUG AssetLoader          - Loading from cache: /assets/properties/languages/english.properties
16:23:40.574 [ForkJoinPool.commonPool-worker-1] DEBUG AssetLoader          - Loading from cache: /assets/ui/fonts/VarelaRound-Regular.ttf
16:23:40.574 [ForkJoinPool.commonPool-worker-1] DEBUG AssetLoader          - Loading from cache: /assets/properties/languages/english.properties
16:23:40.574 [ForkJoinPool.commonPool-worker-1] DEBUG AssetLoader          - Loading from cache: /assets/ui/fonts/VarelaRound-Regular.ttf
16:23:40.574 [ForkJoinPool.commonPool-worker-1] DEBUG AssetLoader          - Loading from cache: /assets/properties/languages/english.properties
16:23:40.575 [ForkJoinPool.commonPool-worker-1] DEBUG AssetLoader          - Loading from cache: /assets/ui/fonts/VarelaRound-Regular.ttf
16:23:40.575 [ForkJoinPool.commonPool-worker-1] DEBUG AssetLoader          - Loading from cache: /assets/properties/languages/english.properties
16:23:40.575 [ForkJoinPool.commonPool-worker-1] DEBUG AssetLoader          - Loading from cache: /assets/ui/fonts/VarelaRound-Regular.ttf
16:23:40.575 [ForkJoinPool.commonPool-worker-1] DEBUG AssetLoader          - Loading from cache: /assets/properties/languages/english.properties
16:23:40.575 [ForkJoinPool.commonPool-worker-1] DEBUG AssetLoader          - Loading from cache: /assets/ui/fonts/VarelaRound-Regular.ttf
16:23:40.575 [ForkJoinPool.commonPool-worker-1] DEBUG AssetLoader          - Loading from cache: /assets/properties/languages/english.properties
16:23:40.576 [ForkJoinPool.commonPool-worker-1] DEBUG AssetLoader          - Loading from cache: /assets/textures/particles/smoke.png@128.0x128.0
16:23:40.655 [JavaFX Application Thread] DEBUG FXGL                 - Running preInit()
16:23:40.663 [JavaFX Application Thread] DEBUG Input                - Registered new binding: Screenshot - P
16:23:40.663 [JavaFX Application Thread] DEBUG Input                - Registered new binding: Dev Options - CTRL+0
16:23:40.664 [JavaFX Application Thread] DEBUG Input                - Registered new binding: System info dump - CTRL+9
16:23:40.664 [JavaFX Application Thread] DEBUG Input                - Registered new binding: Restart - CTRL+R
16:23:40.664 [JavaFX Application Thread] DEBUG Input                - Registered new binding: Move Right - D
16:23:40.664 [JavaFX Application Thread] DEBUG Input                - Registered new binding: Shoot Space - Space
16:23:40.664 [JavaFX Application Thread] DEBUG Input                - Registered new binding: Move Left - A
16:23:40.664 [JavaFX Application Thread] DEBUG Input                - Registered new binding: Move Up - W
16:23:40.665 [JavaFX Application Thread] DEBUG Input                - Registered new binding: Move Down - S
16:23:40.665 [JavaFX Application Thread] DEBUG MenuEventHandler     - generateDefaultProfile()
16:23:40.665 [JavaFX Application Thread] DEBUG MenuEventHandler     - Creating default profile
16:23:40.666 [JavaFX Application Thread] DEBUG EventBus             - Firing event: SaveEvent
16:23:40.667 [JavaFX Application Thread] DEBUG AudioPlayer          - Saving data to profile
16:23:40.668 [JavaFX Application Thread] DEBUG Bundle               - Logging bundle: audio
16:23:40.668 [JavaFX Application Thread] DEBUG Bundle               - audio.musicVolume=0.5
16:23:40.668 [JavaFX Application Thread] DEBUG Bundle               - audio.soundVolume=0.5
16:23:40.668 [JavaFX Application Thread] DEBUG Input                - Saving data to profile
16:23:40.668 [JavaFX Application Thread] DEBUG Bundle               - Logging bundle: input
16:23:40.668 [JavaFX Application Thread] DEBUG Bundle               - input.Move Right=D
16:23:40.668 [JavaFX Application Thread] DEBUG Bundle               - input.Screenshot=P
16:23:40.668 [JavaFX Application Thread] DEBUG Bundle               - input.System info dump=CTRL+9
16:23:40.668 [JavaFX Application Thread] DEBUG Bundle               - input.Restart=CTRL+R
16:23:40.668 [JavaFX Application Thread] DEBUG Bundle               - input.Move Up=W
16:23:40.668 [JavaFX Application Thread] DEBUG Bundle               - input.Dev Options=CTRL+0
16:23:40.668 [JavaFX Application Thread] DEBUG Bundle               - input.Move Left=A
16:23:40.668 [JavaFX Application Thread] DEBUG Bundle               - input.Move Down=S
16:23:40.669 [JavaFX Application Thread] DEBUG Bundle               - input.Shoot Space=Space
16:23:40.674 [JavaFX Application Thread] DEBUG Bundle               - Logging bundle: gameplayStats
16:23:40.674 [JavaFX Application Thread] DEBUG Bundle               - gameplayStats.playtime=0
16:23:40.675 [JavaFX Application Thread] DEBUG AchievementManager   - Saving data to profile
16:23:40.675 [JavaFX Application Thread] DEBUG Bundle               - Logging bundle: achievement
16:23:40.676 [JavaFX Application Thread] INFO  FXGL                 - FXGL initialization took: 1,055 sec
16:23:40.676 [JavaFX Application Thread] DEBUG LoopRunner           - Starting loop
16:23:40.678 [JavaFX Application Thread] DEBUG StartupState         - STARTUP
16:23:40.678 [JavaFX Application Thread] DEBUG Input                - Clearing active input actions
16:23:40.679 [JavaFX Application Thread] DEBUG AssetLoader          - Loading from disk: /assets/ui/css/fxgl_dark.css
16:23:40.691 [JavaFX Application Thread] DEBUG AppStateMachine      - StartupState -> MainMenuState
16:23:40.695 [JavaFX Application Thread] DEBUG AssetLoader          - Loading from cache: /assets/properties/languages/english.properties
16:23:40.695 [JavaFX Application Thread] DEBUG AssetLoader          - Loading from cache: /assets/ui/fonts/VarelaRound-Regular.ttf
16:23:40.695 [JavaFX Application Thread] DEBUG AssetLoader          - Loading from cache: /assets/properties/languages/english.properties
16:23:40.695 [JavaFX Application Thread] DEBUG AssetLoader          - Loading from cache: /assets/ui/fonts/VarelaRound-Regular.ttf
16:23:40.696 [JavaFX Application Thread] DEBUG AssetLoader          - Loading from cache: /assets/properties/languages/english.properties
16:23:40.696 [JavaFX Application Thread] DEBUG AssetLoader          - Loading from cache: /assets/ui/fonts/VarelaRound-Regular.ttf
16:23:40.698 [JavaFX Application Thread] DEBUG SaveLoadManager      - Checking profiles dir: profiles/
16:23:40.698 [JavaFX Application Thread] DEBUG SaveLoadManager      - Creating non-existent profiles dir
16:23:40.701 [JavaFX Application Thread] DEBUG SaveLoadManager      - Loading profile names
16:23:40.702 [JavaFX Application Thread] DEBUG AssetLoader          - Loading from cache: /assets/properties/languages/english.properties
16:23:40.703 [JavaFX Application Thread] DEBUG AssetLoader          - Loading from cache: /assets/ui/fonts/VarelaRound-Regular.ttf
16:23:40.704 [JavaFX Application Thread] DEBUG AssetLoader          - Loading from cache: /assets/ui/fonts/VarelaRound-Regular.ttf
16:23:40.704 [JavaFX Application Thread] DEBUG AppStateMachine      - Push state: DialogSubState
16:23:40.704 [JavaFX Application Thread] DEBUG Input                - Clearing active input actions
16:23:40.705 [JavaFX Application Thread] DEBUG AppStateMachine      - MainMenuState -> DialogSubState
16:23:40.807 [JavaFX Application Thread] DEBUG AppStateMachine      - Pop state: DialogSubState
16:23:40.807 [JavaFX Application Thread] DEBUG Input                - Clearing active input actions
16:23:40.808 [JavaFX Application Thread] DEBUG AppStateMachine      - MainMenuState <- DialogSubState
16:23:40.808 [JavaFX Application Thread] DEBUG AssetLoader          - Loading from cache: /assets/properties/languages/english.properties
16:23:40.808 [JavaFX Application Thread] DEBUG AssetLoader          - Loading from cache: /assets/ui/fonts/VarelaRound-Regular.ttf
16:23:40.809 [JavaFX Application Thread] DEBUG AssetLoader          - Loading from cache: /assets/ui/fonts/VarelaRound-Regular.ttf
16:23:40.809 [JavaFX Application Thread] DEBUG AppStateMachine      - Push state: DialogSubState
16:23:40.810 [JavaFX Application Thread] DEBUG Input                - Clearing active input actions
16:23:40.810 [JavaFX Application Thread] DEBUG AppStateMachine      - MainMenuState -> DialogSubState
16:23:43.758 [JavaFX Application Thread] DEBUG AppStateMachine      - Pop state: DialogSubState
16:23:43.758 [JavaFX Application Thread] DEBUG Input                - Clearing active input actions
16:23:43.759 [JavaFX Application Thread] DEBUG AppStateMachine      - MainMenuState <- DialogSubState
16:23:43.759 [JavaFX Application Thread] DEBUG AssetLoader          - Loading from cache: /assets/properties/languages/english.properties
16:23:43.761 [JavaFX Application Thread] DEBUG AssetLoader          - Loading from cache: /assets/ui/fonts/VarelaRound-Regular.ttf
16:23:43.767 [JavaFX Application Thread] DEBUG AssetLoader          - Loading from cache: /assets/ui/fonts/VarelaRound-Regular.ttf
16:23:43.767 [JavaFX Application Thread] DEBUG AssetLoader          - Loading from cache: /assets/ui/fonts/VarelaRound-Regular.ttf
16:23:43.767 [JavaFX Application Thread] DEBUG AssetLoader          - Loading from cache: /assets/properties/languages/english.properties
16:23:43.768 [JavaFX Application Thread] DEBUG AssetLoader          - Loading from cache: /assets/ui/fonts/VarelaRound-Regular.ttf
16:23:43.769 [JavaFX Application Thread] DEBUG AppStateMachine      - Push state: DialogSubState
16:23:43.769 [JavaFX Application Thread] DEBUG Input                - Clearing active input actions
16:23:43.769 [JavaFX Application Thread] DEBUG AppStateMachine      - MainMenuState -> DialogSubState
16:23:46.698 [JavaFX Application Thread] DEBUG AssetLoader          - Loading from cache: /assets/sounds/menu/select.wav
16:23:47.593 [JavaFX Application Thread] DEBUG AssetLoader          - Loading from cache: /assets/sounds/menu/select.wav
16:23:47.884 [JavaFX Application Thread] DEBUG AppStateMachine      - Pop state: DialogSubState
16:23:47.884 [JavaFX Application Thread] DEBUG Input                - Clearing active input actions
16:23:47.884 [JavaFX Application Thread] DEBUG AppStateMachine      - MainMenuState <- DialogSubState
16:23:47.885 [JavaFX Application Thread] DEBUG AssetLoader          - Loading from cache: /assets/properties/languages/english.properties
16:23:47.885 [JavaFX Application Thread] DEBUG AssetLoader          - Loading from cache: /assets/ui/fonts/VarelaRound-Regular.ttf
16:23:47.885 [JavaFX Application Thread] DEBUG AssetLoader          - Loading from cache: /assets/properties/languages/english.properties
16:23:47.885 [JavaFX Application Thread] DEBUG AssetLoader          - Loading from cache: /assets/ui/fonts/VarelaRound-Regular.ttf
16:23:47.886 [JavaFX Application Thread] DEBUG MenuEventHandler     - Creating default profile
16:23:47.886 [JavaFX Application Thread] DEBUG EventBus             - Firing event: SaveEvent
16:23:47.886 [JavaFX Application Thread] DEBUG AudioPlayer          - Saving data to profile
16:23:47.886 [JavaFX Application Thread] DEBUG Bundle               - Logging bundle: audio
16:23:47.886 [JavaFX Application Thread] DEBUG Bundle               - audio.musicVolume=0.5
16:23:47.886 [JavaFX Application Thread] DEBUG Bundle               - audio.soundVolume=0.5
16:23:47.886 [JavaFX Application Thread] DEBUG Input                - Saving data to profile
16:23:47.886 [JavaFX Application Thread] DEBUG Bundle               - Logging bundle: input
16:23:47.886 [JavaFX Application Thread] DEBUG Bundle               - input.Move Right=D
16:23:47.886 [JavaFX Application Thread] DEBUG Bundle               - input.Screenshot=P
16:23:47.886 [JavaFX Application Thread] DEBUG Bundle               - input.System info dump=CTRL+9
16:23:47.886 [JavaFX Application Thread] DEBUG Bundle               - input.Restart=CTRL+R
16:23:47.886 [JavaFX Application Thread] DEBUG Bundle               - input.Move Up=W
16:23:47.886 [JavaFX Application Thread] DEBUG Bundle               - input.Dev Options=CTRL+0
16:23:47.886 [JavaFX Application Thread] DEBUG Bundle               - input.Move Left=A
16:23:47.886 [JavaFX Application Thread] DEBUG Bundle               - input.Move Down=S
16:23:47.886 [JavaFX Application Thread] DEBUG Bundle               - input.Shoot Space=Space
16:23:47.886 [JavaFX Application Thread] DEBUG Bundle               - Logging bundle: gameplayStats
16:23:47.886 [JavaFX Application Thread] DEBUG Bundle               - gameplayStats.playtime=0
16:23:47.887 [JavaFX Application Thread] DEBUG AchievementManager   - Saving data to profile
16:23:47.887 [JavaFX Application Thread] DEBUG Bundle               - Logging bundle: achievement
16:23:47.887 [JavaFX Application Thread] DEBUG SaveLoadManager      - Saving profile: Martin
16:23:47.888 [JavaFX Application Thread] DEBUG DesktopFSService     - Creating directories to: .\profiles\Martin
16:23:47.890 [JavaFX Application Thread] DEBUG DesktopFSService     - Writing to: .\profiles\Martin\user.profile
16:23:47.898 [JavaFX Application Thread] DEBUG SaveLoadManager      - Creating non-existent saves dir
16:23:48.529 [JavaFX Application Thread] DEBUG AssetLoader          - Loading from cache: /assets/sounds/menu/select.wav
16:23:48.601 [JavaFX Application Thread] DEBUG AssetLoader          - Loading from cache: /assets/sounds/menu/select.wav
16:23:48.835 [JavaFX Application Thread] DEBUG FXGL.Menu            - fireNewGame()
16:23:48.835 [JavaFX Application Thread] DEBUG GameApplication      - Starting new game
16:23:48.835 [JavaFX Application Thread] DEBUG Input                - Clearing active input actions
16:23:48.835 [JavaFX Application Thread] DEBUG AssetLoader          - Loading from disk: /assets/ui/css/fxgl_dark.css
16:23:48.844 [JavaFX Application Thread] DEBUG AppStateMachine      - MainMenuState -> LoadingState
16:23:48.847 [FXGL Background Thread 1 ] DEBUG InitAppTask          - Clearing previous game
16:23:48.847 [FXGL Background Thread 1 ] DEBUG GameWorld            - Clearing game world
16:23:48.847 [FXGL Background Thread 1 ] DEBUG PhysicsWorld         - Clearing physics world
16:23:48.847 [FXGL Background Thread 1 ] DEBUG GameScene            - Clearing game scene
16:23:48.848 [FXGL Background Thread 1 ] DEBUG InitAppTask          - Initializing Game
16:23:48.876 [FXGL Background Thread 1 ] DEBUG AssetLoader          - Loading from disk: /assets/textures/gamesprite.png
16:23:48.929 [FXGL Background Thread 1 ] DEBUG GameScene            - Creating render group for layer: DEFAULT(100000)
16:23:48.966 [FXGL Background Thread 1 ] DEBUG AudioPlayer          - Playing music com.almasb.fxgl.audio.Music@239f2d78
16:23:48.967 [FXGL Background Thread 1 ] DEBUG InitAppTask          - Initializing Physics
16:23:48.968 [FXGL Background Thread 1 ] DEBUG InitAppTask          - Initializing UI
16:23:48.968 [FXGL Background Thread 1 ] DEBUG AssetLoader          - Loading from disk: /assets/textures/background.png
16:23:48.979 [FXGL Background Thread 1 ] DEBUG AssetLoader          - Loading from cache: /assets/ui/fonts/VarelaRound-Regular.ttf
16:23:48.980 [FXGL Background Thread 1 ] DEBUG InitAppTask          - Initialization Complete
16:23:48.981 [FXGL Background Thread 1 ] INFO  InitAppTask          - Game initialization took: 0,134 sec
16:23:48.988 [JavaFX Application Thread] DEBUG Input                - Clearing active input actions
16:23:48.988 [JavaFX Application Thread] DEBUG AssetLoader          - Loading from disk: /assets/ui/css/fxgl_dark.css
16:23:48.996 [JavaFX Application Thread] DEBUG AppStateMachine      - LoadingState -> PlayState
16:23:50.892 [JavaFX Application Thread] DEBUG AssetLoader          - Loading from disk: /assets/textures/cosbyboss.png
16:23:51.677 [JavaFX Application Thread] DEBUG AssetLoader          - Loading from cache: /assets/sounds/oof.wav
16:23:52.844 [JavaFX Application Thread] DEBUG AssetLoader          - Loading from cache: /assets/textures/cosbyboss.png
16:23:53.484 [JavaFX Application Thread] DEBUG AssetLoader          - Loading from cache: /assets/sounds/oof.wav
16:23:53.485 [JavaFX Application Thread] DEBUG AssetLoader          - Loading from cache: /assets/sounds/oof.wav
16:23:54.764 [JavaFX Application Thread] DEBUG AssetLoader          - Loading from cache: /assets/textures/cosbyboss.png
16:23:55.452 [JavaFX Application Thread] DEBUG AssetLoader          - Loading from cache: /assets/sounds/oof.wav
16:23:55.453 [JavaFX Application Thread] DEBUG AssetLoader          - Loading from cache: /assets/sounds/oof.wav
16:23:56.683 [JavaFX Application Thread] DEBUG AssetLoader          - Loading from cache: /assets/textures/cosbyboss.png
16:23:57.388 [JavaFX Application Thread] DEBUG AssetLoader          - Loading from cache: /assets/sounds/oof.wav
16:23:57.404 [JavaFX Application Thread] DEBUG AssetLoader          - Loading from cache: /assets/sounds/oof.wav
16:23:58.604 [JavaFX Application Thread] DEBUG AssetLoader          - Loading from cache: /assets/textures/cosbyboss.png
16:23:59.276 [JavaFX Application Thread] DEBUG AssetLoader          - Loading from cache: /assets/sounds/oof.wav
16:23:59.292 [JavaFX Application Thread] DEBUG AssetLoader          - Loading from cache: /assets/sounds/oof.wav
16:24:00.556 [JavaFX Application Thread] DEBUG AssetLoader          - Loading from cache: /assets/textures/cosbyboss.png
16:24:01.212 [JavaFX Application Thread] DEBUG AssetLoader          - Loading from cache: /assets/sounds/oof.wav
16:24:01.232 [JavaFX Application Thread] DEBUG AssetLoader          - Loading from cache: /assets/sounds/oof.wav
16:24:02.508 [JavaFX Application Thread] DEBUG AssetLoader          - Loading from cache: /assets/textures/cosbyboss.png
16:24:03.244 [JavaFX Application Thread] DEBUG AssetLoader          - Loading from cache: /assets/sounds/oof.wav
16:24:03.245 [JavaFX Application Thread] DEBUG AssetLoader          - Loading from cache: /assets/sounds/oof.wav
16:24:04.428 [JavaFX Application Thread] DEBUG AssetLoader          - Loading from cache: /assets/textures/cosbyboss.png
16:24:04.765 [JavaFX Application Thread] DEBUG FXGL                 - Exiting FXGL
16:24:04.765 [JavaFX Application Thread] DEBUG MenuEventHandler     - Creating default profile
16:24:04.765 [JavaFX Application Thread] DEBUG EventBus             - Firing event: SaveEvent
16:24:04.765 [JavaFX Application Thread] DEBUG AudioPlayer          - Saving data to profile
16:24:04.765 [JavaFX Application Thread] DEBUG Bundle               - Logging bundle: audio
16:24:04.765 [JavaFX Application Thread] DEBUG Bundle               - audio.musicVolume=0.5
16:24:04.765 [JavaFX Application Thread] DEBUG Bundle               - audio.soundVolume=0.5
16:24:04.765 [JavaFX Application Thread] DEBUG Input                - Saving data to profile
16:24:04.765 [JavaFX Application Thread] DEBUG Bundle               - Logging bundle: input
16:24:04.765 [JavaFX Application Thread] DEBUG Bundle               - input.Move Right=D
16:24:04.765 [JavaFX Application Thread] DEBUG Bundle               - input.Screenshot=P
16:24:04.766 [JavaFX Application Thread] DEBUG Bundle               - input.System info dump=CTRL+9
16:24:04.766 [JavaFX Application Thread] DEBUG Bundle               - input.Restart=CTRL+R
16:24:04.766 [JavaFX Application Thread] DEBUG Bundle               - input.Move Up=W
16:24:04.766 [JavaFX Application Thread] DEBUG Bundle               - input.Dev Options=CTRL+0
16:24:04.766 [JavaFX Application Thread] DEBUG Bundle               - input.Move Left=A
16:24:04.766 [JavaFX Application Thread] DEBUG Bundle               - input.Move Down=S
16:24:04.766 [JavaFX Application Thread] DEBUG Bundle               - input.Shoot Space=Space
16:24:04.766 [JavaFX Application Thread] DEBUG Bundle               - Logging bundle: gameplayStats
16:24:04.766 [JavaFX Application Thread] DEBUG Bundle               - gameplayStats.playtime=16349999346
16:24:04.766 [JavaFX Application Thread] DEBUG AchievementManager   - Saving data to profile
16:24:04.766 [JavaFX Application Thread] DEBUG Bundle               - Logging bundle: achievement
16:24:04.766 [JavaFX Application Thread] DEBUG SaveLoadManager      - Saving profile: Martin
16:24:04.767 [JavaFX Application Thread] DEBUG DesktopFSService     - Writing to: .\profiles\Martin\user.profile
16:24:04.769 [JavaFX Application Thread] DEBUG FXGL                 - Shutting down background threads
16:24:04.769 [JavaFX Application Thread] DEBUG FXGL                 - Saving FXGL system data
16:24:04.770 [JavaFX Application Thread] DEBUG DesktopFSService     - Writing to: system\fxgl.bundle
16:24:04.773 [JavaFX Application Thread] DEBUG FXGL                 - Closing logger and exiting JavaFX
