16:24:31.186 [JavaFX Application Thread] DEBUG GameApplication      - Logger initialized
16:24:31.200 [JavaFX Application Thread] DEBUG GameApplication      - Logging settings
Title: Cosby Hunter
Version: 0.1
Width: 800
Height: 600
Fullscreen: false
Intro: false
Menus: true
Profiling: false
Single step:false
App Mode: DEVELOPER
Menu Key: ESCAPE
Stage Style: DECORATED
Scene Factory: class com.almasb.fxgl.scene.SceneFactory
Dialog Factory: class com.almasb.fxgl.ui.FXGLDialogFactory
UI Factory: class com.almasb.fxgl.ui.FXGLUIFactory
Notification Service: class com.almasb.fxgl.gameplay.notification.XboxNotificationView
Exception Handler: class com.almasb.fxgl.app.FXGLExceptionHandler
16:24:31.200 [JavaFX Application Thread] DEBUG GameApplication      - Starting FXGL
16:24:31.224 [JavaFX Application Thread] INFO  FXGL                 - FXGL-0.5.4 on DESKTOP
16:24:31.224 [JavaFX Application Thread] INFO  FXGL                 - Source code and latest versions at: https://github.com/AlmasB/FXGL
16:24:31.224 [JavaFX Application Thread] INFO  FXGL                 -              Join the FXGL chat at: https://gitter.im/AlmasB/FXGL
16:24:31.225 [JavaFX Application Thread] DEBUG FXGL                 - FXGL started
16:24:31.225 [JavaFX Application Thread] DEBUG FXGL                 - Initializing FXGL
16:24:31.268 [JavaFX Application Thread] DEBUG AssetLoader          - Loading from disk: /assets/ui/cursors/fxgl_default.png
16:24:31.356 [JavaFX Application Thread] DEBUG AssetLoader          - Loading from disk: /assets/ui/fonts/VarelaRound-Regular.ttf
16:24:31.462 [JavaFX Application Thread] DEBUG MainWindow           - Creating a JavaFX scene
16:24:31.486 [JavaFX Application Thread] DEBUG MainWindow           - Target settings size: 800.0 x 600.0
16:24:31.486 [JavaFX Application Thread] DEBUG MainWindow           - Scaled scene size:    800.0 x 600.0
16:24:31.487 [JavaFX Application Thread] DEBUG MainWindow           - Scaled ratio: (1.0, 1.0)
16:24:31.489 [JavaFX Application Thread] DEBUG AssetLoader          - Loading from disk: /assets/ui/css/fxgl_dark.css
16:24:31.492 [JavaFX Application Thread] DEBUG AssetLoader          - Loading from disk: /assets/textures/fxgl_icon.png
16:24:31.506 [JavaFX Application Thread] DEBUG MainWindow           - Opening main window
16:24:31.722 [JavaFX Application Thread] DEBUG MainWindow           - Window border size: (16.0, 39.0)
16:24:31.722 [JavaFX Application Thread] DEBUG MainWindow           - Scaled size: 800.0 x 600.0
16:24:31.722 [JavaFX Application Thread] DEBUG MainWindow           - Scaled ratio: (1.0, 1.0)
16:24:31.723 [JavaFX Application Thread] DEBUG MainWindow           - Scene size: 800.0 x 600.0
16:24:31.723 [JavaFX Application Thread] DEBUG MainWindow           - Stage size: 816.0 x 639.0
16:24:31.814 [ForkJoinPool.commonPool-worker-1] DEBUG FS                   - Loaded DesktopFSService
16:24:31.814 [ForkJoinPool.commonPool-worker-1] DEBUG FXGL                 - Loading FXGL system data
16:24:31.820 [ForkJoinPool.commonPool-worker-1] DEBUG DesktopFSService     - Reading from: system\fxgl.bundle
16:24:31.829 [ForkJoinPool.commonPool-worker-1] DEBUG Bundle               - Logging bundle: FXGL
16:24:31.830 [ForkJoinPool.commonPool-worker-1] DEBUG Bundle               - FXGL.offline.timer.version.check=2019-01-25T14:17:59.135599600
16:24:31.831 [ForkJoinPool.commonPool-worker-1] DEBUG FXGL                 - Initializing state machine and application states
16:24:31.833 [ForkJoinPool.commonPool-worker-1] DEBUG AssetLoader          - Loading from disk: /assets/ui/cursors/fxgl_default.png
16:24:31.847 [ForkJoinPool.commonPool-worker-1] DEBUG AssetLoader          - Loading from disk: /assets/ui/cursors/fxgl_default.png
16:24:31.853 [ForkJoinPool.commonPool-worker-1] DEBUG AssetLoader          - Loading from cache: /assets/ui/fonts/VarelaRound-Regular.ttf
16:24:31.865 [ForkJoinPool.commonPool-worker-1] DEBUG AssetLoader          - Loading from disk: /assets/ui/cursors/fxgl_default.png
16:24:31.870 [ForkJoinPool.commonPool-worker-1] DEBUG GameScene            - Game scene initialized: 800x600
16:24:31.877 [ForkJoinPool.commonPool-worker-1] DEBUG GameWorld            - Game world initialized
16:24:31.937 [ForkJoinPool.commonPool-worker-1] DEBUG PhysicsWorld         - Physics world initialized: appHeight=600, physics.ppm=50,0
16:24:31.978 [ForkJoinPool.commonPool-worker-1] DEBUG AssetLoader          - Loading from disk: /assets/ui/cursors/fxgl_default.png
16:24:31.981 [ForkJoinPool.commonPool-worker-1] DEBUG AssetLoader          - Loading from disk: /assets/properties/languages/english.properties
16:24:31.982 [ForkJoinPool.commonPool-worker-1] DEBUG AssetLoader          - Loading from cache: /assets/ui/fonts/VarelaRound-Regular.ttf
16:24:31.983 [ForkJoinPool.commonPool-worker-1] DEBUG AssetLoader          - Loading from cache: /assets/ui/fonts/VarelaRound-Regular.ttf
16:24:31.983 [ForkJoinPool.commonPool-worker-1] DEBUG AssetLoader          - Loading from cache: /assets/ui/fonts/VarelaRound-Regular.ttf
16:24:31.994 [ForkJoinPool.commonPool-worker-1] DEBUG AssetLoader          - Loading from disk: /assets/textures/particles/trace_horizontal.png
16:24:32.017 [ForkJoinPool.commonPool-worker-1] DEBUG AssetLoader          - Loading from cache: /assets/ui/fonts/VarelaRound-Regular.ttf
16:24:32.017 [ForkJoinPool.commonPool-worker-1] DEBUG FXGL.Menu            - createMenuBodyMainMenu()
16:24:32.025 [ForkJoinPool.commonPool-worker-1] DEBUG AssetLoader          - Loading from cache: /assets/ui/fonts/VarelaRound-Regular.ttf
16:24:32.027 [ForkJoinPool.commonPool-worker-1] DEBUG AssetLoader          - Loading from cache: /assets/properties/languages/english.properties
16:24:32.029 [ForkJoinPool.commonPool-worker-1] DEBUG AssetLoader          - Loading from cache: /assets/ui/fonts/VarelaRound-Regular.ttf
16:24:32.030 [ForkJoinPool.commonPool-worker-1] DEBUG AssetLoader          - Loading from cache: /assets/properties/languages/english.properties
16:24:32.031 [ForkJoinPool.commonPool-worker-1] DEBUG FXGL.Menu            - createOptionsMenu()
16:24:32.032 [ForkJoinPool.commonPool-worker-1] DEBUG AssetLoader          - Loading from cache: /assets/ui/fonts/VarelaRound-Regular.ttf
16:24:32.032 [ForkJoinPool.commonPool-worker-1] DEBUG AssetLoader          - Loading from cache: /assets/properties/languages/english.properties
16:24:32.033 [ForkJoinPool.commonPool-worker-1] DEBUG AssetLoader          - Loading from cache: /assets/ui/fonts/VarelaRound-Regular.ttf
16:24:32.033 [ForkJoinPool.commonPool-worker-1] DEBUG AssetLoader          - Loading from cache: /assets/properties/languages/english.properties
16:24:32.034 [ForkJoinPool.commonPool-worker-1] DEBUG AssetLoader          - Loading from cache: /assets/ui/fonts/VarelaRound-Regular.ttf
16:24:32.034 [ForkJoinPool.commonPool-worker-1] DEBUG AssetLoader          - Loading from cache: /assets/properties/languages/english.properties
16:24:32.034 [ForkJoinPool.commonPool-worker-1] DEBUG AssetLoader          - Loading from cache: /assets/ui/fonts/VarelaRound-Regular.ttf
16:24:32.035 [ForkJoinPool.commonPool-worker-1] DEBUG AssetLoader          - Loading from cache: /assets/properties/languages/english.properties
16:24:32.036 [ForkJoinPool.commonPool-worker-1] DEBUG AssetLoader          - Loading from cache: /assets/ui/fonts/VarelaRound-Regular.ttf
16:24:32.036 [ForkJoinPool.commonPool-worker-1] DEBUG AssetLoader          - Loading from cache: /assets/properties/languages/english.properties
16:24:32.037 [ForkJoinPool.commonPool-worker-1] DEBUG AssetLoader          - Loading from cache: /assets/ui/fonts/VarelaRound-Regular.ttf
16:24:32.037 [ForkJoinPool.commonPool-worker-1] DEBUG AssetLoader          - Loading from cache: /assets/properties/languages/english.properties
16:24:32.038 [ForkJoinPool.commonPool-worker-1] DEBUG AssetLoader          - Loading from cache: /assets/ui/fonts/VarelaRound-Regular.ttf
16:24:32.038 [ForkJoinPool.commonPool-worker-1] DEBUG AssetLoader          - Loading from cache: /assets/properties/languages/english.properties
16:24:32.039 [ForkJoinPool.commonPool-worker-1] DEBUG AssetLoader          - Loading from cache: /assets/ui/fonts/VarelaRound-Regular.ttf
16:24:32.039 [ForkJoinPool.commonPool-worker-1] DEBUG AssetLoader          - Loading from cache: /assets/properties/languages/english.properties
16:24:32.039 [ForkJoinPool.commonPool-worker-1] DEBUG AssetLoader          - Loading from disk: /assets/textures/particles/smoke.png
16:24:32.097 [ForkJoinPool.commonPool-worker-1] DEBUG AssetLoader          - Loading from disk: /assets/ui/cursors/fxgl_default.png
16:24:32.098 [ForkJoinPool.commonPool-worker-1] DEBUG AssetLoader          - Loading from cache: /assets/properties/languages/english.properties
16:24:32.098 [ForkJoinPool.commonPool-worker-1] DEBUG AssetLoader          - Loading from cache: /assets/ui/fonts/VarelaRound-Regular.ttf
16:24:32.099 [ForkJoinPool.commonPool-worker-1] DEBUG AssetLoader          - Loading from cache: /assets/ui/fonts/VarelaRound-Regular.ttf
16:24:32.099 [ForkJoinPool.commonPool-worker-1] DEBUG AssetLoader          - Loading from cache: /assets/ui/fonts/VarelaRound-Regular.ttf
16:24:32.099 [ForkJoinPool.commonPool-worker-1] DEBUG AssetLoader          - Loading from cache: /assets/textures/particles/trace_horizontal.png@64.0x64.0
16:24:32.101 [ForkJoinPool.commonPool-worker-1] DEBUG AssetLoader          - Loading from cache: /assets/ui/fonts/VarelaRound-Regular.ttf
16:24:32.101 [ForkJoinPool.commonPool-worker-1] DEBUG FXGL.Menu            - createMenuBodyGameMenu()
16:24:32.102 [ForkJoinPool.commonPool-worker-1] DEBUG AssetLoader          - Loading from cache: /assets/ui/fonts/VarelaRound-Regular.ttf
16:24:32.102 [ForkJoinPool.commonPool-worker-1] DEBUG AssetLoader          - Loading from cache: /assets/properties/languages/english.properties
16:24:32.103 [ForkJoinPool.commonPool-worker-1] DEBUG AssetLoader          - Loading from cache: /assets/ui/fonts/VarelaRound-Regular.ttf
16:24:32.103 [ForkJoinPool.commonPool-worker-1] DEBUG AssetLoader          - Loading from cache: /assets/properties/languages/english.properties
16:24:32.103 [ForkJoinPool.commonPool-worker-1] DEBUG FXGL.Menu            - createOptionsMenu()
16:24:32.104 [ForkJoinPool.commonPool-worker-1] DEBUG AssetLoader          - Loading from cache: /assets/ui/fonts/VarelaRound-Regular.ttf
16:24:32.104 [ForkJoinPool.commonPool-worker-1] DEBUG AssetLoader          - Loading from cache: /assets/properties/languages/english.properties
16:24:32.104 [ForkJoinPool.commonPool-worker-1] DEBUG AssetLoader          - Loading from cache: /assets/ui/fonts/VarelaRound-Regular.ttf
16:24:32.104 [ForkJoinPool.commonPool-worker-1] DEBUG AssetLoader          - Loading from cache: /assets/properties/languages/english.properties
16:24:32.104 [ForkJoinPool.commonPool-worker-1] DEBUG AssetLoader          - Loading from cache: /assets/ui/fonts/VarelaRound-Regular.ttf
16:24:32.105 [ForkJoinPool.commonPool-worker-1] DEBUG AssetLoader          - Loading from cache: /assets/properties/languages/english.properties
16:24:32.105 [ForkJoinPool.commonPool-worker-1] DEBUG AssetLoader          - Loading from cache: /assets/ui/fonts/VarelaRound-Regular.ttf
16:24:32.105 [ForkJoinPool.commonPool-worker-1] DEBUG AssetLoader          - Loading from cache: /assets/properties/languages/english.properties
16:24:32.105 [ForkJoinPool.commonPool-worker-1] DEBUG AssetLoader          - Loading from cache: /assets/ui/fonts/VarelaRound-Regular.ttf
16:24:32.105 [ForkJoinPool.commonPool-worker-1] DEBUG AssetLoader          - Loading from cache: /assets/properties/languages/english.properties
16:24:32.106 [ForkJoinPool.commonPool-worker-1] DEBUG AssetLoader          - Loading from cache: /assets/ui/fonts/VarelaRound-Regular.ttf
16:24:32.106 [ForkJoinPool.commonPool-worker-1] DEBUG AssetLoader          - Loading from cache: /assets/properties/languages/english.properties
16:24:32.106 [ForkJoinPool.commonPool-worker-1] DEBUG AssetLoader          - Loading from cache: /assets/ui/fonts/VarelaRound-Regular.ttf
16:24:32.106 [ForkJoinPool.commonPool-worker-1] DEBUG AssetLoader          - Loading from cache: /assets/properties/languages/english.properties
16:24:32.107 [ForkJoinPool.commonPool-worker-1] DEBUG AssetLoader          - Loading from cache: /assets/textures/particles/smoke.png@128.0x128.0
16:24:32.149 [JavaFX Application Thread] DEBUG FXGL                 - Running preInit()
16:24:32.164 [JavaFX Application Thread] DEBUG Input                - Registered new binding: Screenshot - P
16:24:32.164 [JavaFX Application Thread] DEBUG Input                - Registered new binding: Dev Options - CTRL+0
16:24:32.165 [JavaFX Application Thread] DEBUG Input                - Registered new binding: System info dump - CTRL+9
16:24:32.165 [JavaFX Application Thread] DEBUG Input                - Registered new binding: Restart - CTRL+R
16:24:32.165 [JavaFX Application Thread] DEBUG Input                - Registered new binding: Move Right - D
16:24:32.165 [JavaFX Application Thread] DEBUG Input                - Registered new binding: Shoot Space - Space
16:24:32.165 [JavaFX Application Thread] DEBUG Input                - Registered new binding: Move Left - A
16:24:32.165 [JavaFX Application Thread] DEBUG Input                - Registered new binding: Move Up - W
16:24:32.165 [JavaFX Application Thread] DEBUG Input                - Registered new binding: Move Down - S
16:24:32.166 [JavaFX Application Thread] DEBUG MenuEventHandler     - generateDefaultProfile()
16:24:32.166 [JavaFX Application Thread] DEBUG MenuEventHandler     - Creating default profile
16:24:32.166 [JavaFX Application Thread] DEBUG EventBus             - Firing event: SaveEvent
16:24:32.167 [JavaFX Application Thread] DEBUG AudioPlayer          - Saving data to profile
16:24:32.168 [JavaFX Application Thread] DEBUG Bundle               - Logging bundle: audio
16:24:32.168 [JavaFX Application Thread] DEBUG Bundle               - audio.musicVolume=0.5
16:24:32.168 [JavaFX Application Thread] DEBUG Bundle               - audio.soundVolume=0.5
16:24:32.168 [JavaFX Application Thread] DEBUG Input                - Saving data to profile
16:24:32.168 [JavaFX Application Thread] DEBUG Bundle               - Logging bundle: input
16:24:32.168 [JavaFX Application Thread] DEBUG Bundle               - input.Move Right=D
16:24:32.168 [JavaFX Application Thread] DEBUG Bundle               - input.Screenshot=P
16:24:32.168 [JavaFX Application Thread] DEBUG Bundle               - input.System info dump=CTRL+9
16:24:32.168 [JavaFX Application Thread] DEBUG Bundle               - input.Restart=CTRL+R
16:24:32.169 [JavaFX Application Thread] DEBUG Bundle               - input.Move Up=W
16:24:32.169 [JavaFX Application Thread] DEBUG Bundle               - input.Dev Options=CTRL+0
16:24:32.169 [JavaFX Application Thread] DEBUG Bundle               - input.Move Left=A
16:24:32.169 [JavaFX Application Thread] DEBUG Bundle               - input.Move Down=S
16:24:32.169 [JavaFX Application Thread] DEBUG Bundle               - input.Shoot Space=Space
16:24:32.173 [JavaFX Application Thread] DEBUG Bundle               - Logging bundle: gameplayStats
16:24:32.174 [JavaFX Application Thread] DEBUG Bundle               - gameplayStats.playtime=0
16:24:32.175 [JavaFX Application Thread] DEBUG AchievementManager   - Saving data to profile
16:24:32.175 [JavaFX Application Thread] DEBUG Bundle               - Logging bundle: achievement
16:24:32.176 [JavaFX Application Thread] INFO  FXGL                 - FXGL initialization took: 0,951 sec
16:24:32.176 [JavaFX Application Thread] DEBUG LoopRunner           - Starting loop
16:24:32.179 [JavaFX Application Thread] DEBUG StartupState         - STARTUP
16:24:32.179 [JavaFX Application Thread] DEBUG Input                - Clearing active input actions
16:24:32.180 [JavaFX Application Thread] DEBUG AssetLoader          - Loading from disk: /assets/ui/css/fxgl_dark.css
16:24:32.194 [JavaFX Application Thread] DEBUG AppStateMachine      - StartupState -> MainMenuState
16:24:32.198 [JavaFX Application Thread] DEBUG AssetLoader          - Loading from cache: /assets/properties/languages/english.properties
16:24:32.198 [JavaFX Application Thread] DEBUG AssetLoader          - Loading from cache: /assets/ui/fonts/VarelaRound-Regular.ttf
16:24:32.199 [JavaFX Application Thread] DEBUG AssetLoader          - Loading from cache: /assets/properties/languages/english.properties
16:24:32.199 [JavaFX Application Thread] DEBUG AssetLoader          - Loading from cache: /assets/ui/fonts/VarelaRound-Regular.ttf
16:24:32.199 [JavaFX Application Thread] DEBUG AssetLoader          - Loading from cache: /assets/properties/languages/english.properties
16:24:32.199 [JavaFX Application Thread] DEBUG AssetLoader          - Loading from cache: /assets/ui/fonts/VarelaRound-Regular.ttf
16:24:32.201 [JavaFX Application Thread] DEBUG SaveLoadManager      - Checking profiles dir: profiles/
16:24:32.202 [JavaFX Application Thread] DEBUG SaveLoadManager      - Loading profile names
16:24:32.203 [JavaFX Application Thread] DEBUG AssetLoader          - Loading from cache: /assets/properties/languages/english.properties
16:24:32.204 [JavaFX Application Thread] DEBUG AssetLoader          - Loading from cache: /assets/ui/fonts/VarelaRound-Regular.ttf
16:24:32.205 [JavaFX Application Thread] DEBUG AssetLoader          - Loading from cache: /assets/ui/fonts/VarelaRound-Regular.ttf
16:24:32.205 [JavaFX Application Thread] DEBUG AppStateMachine      - Push state: DialogSubState
16:24:32.205 [JavaFX Application Thread] DEBUG Input                - Clearing active input actions
16:24:32.205 [JavaFX Application Thread] DEBUG AppStateMachine      - MainMenuState -> DialogSubState
16:24:32.288 [JavaFX Application Thread] DEBUG AppStateMachine      - Pop state: DialogSubState
16:24:32.288 [JavaFX Application Thread] DEBUG Input                - Clearing active input actions
16:24:32.289 [JavaFX Application Thread] DEBUG AppStateMachine      - MainMenuState <- DialogSubState
16:24:32.290 [JavaFX Application Thread] DEBUG AssetLoader          - Loading from cache: /assets/properties/languages/english.properties
16:24:32.291 [JavaFX Application Thread] DEBUG AssetLoader          - Loading from cache: /assets/ui/fonts/VarelaRound-Regular.ttf
16:24:32.291 [JavaFX Application Thread] DEBUG AssetLoader          - Loading from cache: /assets/ui/fonts/VarelaRound-Regular.ttf
16:24:32.291 [JavaFX Application Thread] DEBUG AppStateMachine      - Push state: DialogSubState
16:24:32.291 [JavaFX Application Thread] DEBUG Input                - Clearing active input actions
16:24:32.291 [JavaFX Application Thread] DEBUG AppStateMachine      - MainMenuState -> DialogSubState
16:24:33.709 [JavaFX Application Thread] DEBUG AppStateMachine      - Pop state: DialogSubState
16:24:33.709 [JavaFX Application Thread] DEBUG Input                - Clearing active input actions
16:24:33.710 [JavaFX Application Thread] DEBUG AppStateMachine      - MainMenuState <- DialogSubState
16:24:33.710 [JavaFX Application Thread] DEBUG SaveLoadManager      - Loading profile: Martin
16:24:33.710 [JavaFX Application Thread] DEBUG AssetLoader          - Loading from cache: /assets/properties/languages/english.properties
16:24:33.711 [JavaFX Application Thread] DEBUG AssetLoader          - Loading from cache: /assets/ui/fonts/VarelaRound-Regular.ttf
16:24:33.711 [JavaFX Application Thread] DEBUG AssetLoader          - Loading from cache: /assets/ui/fonts/VarelaRound-Regular.ttf
16:24:33.711 [JavaFX Application Thread] DEBUG AppStateMachine      - Push state: DialogSubState
16:24:33.711 [JavaFX Application Thread] DEBUG Input                - Clearing active input actions
16:24:33.711 [JavaFX Application Thread] DEBUG AppStateMachine      - MainMenuState -> DialogSubState
16:24:33.713 [FXGL Background Thread 1 ] DEBUG DesktopFSService     - Reading from: .\profiles\Martin\user.profile
16:24:33.729 [JavaFX Application Thread] DEBUG AppStateMachine      - Pop state: DialogSubState
16:24:33.729 [JavaFX Application Thread] DEBUG Input                - Clearing active input actions
16:24:33.736 [JavaFX Application Thread] DEBUG AppStateMachine      - MainMenuState <- DialogSubState
16:24:33.736 [JavaFX Application Thread] DEBUG EventBus             - Firing event: LoadEvent[type=LOAD_PROFILE]
16:24:33.736 [JavaFX Application Thread] DEBUG AudioPlayer          - Loading data from profile
16:24:33.736 [JavaFX Application Thread] DEBUG Bundle               - Logging bundle: audio
16:24:33.737 [JavaFX Application Thread] DEBUG Bundle               - audio.musicVolume=0.5
16:24:33.737 [JavaFX Application Thread] DEBUG Bundle               - audio.soundVolume=0.5
16:24:33.737 [JavaFX Application Thread] DEBUG Input                - Loading data from profile
16:24:33.737 [JavaFX Application Thread] DEBUG Bundle               - Logging bundle: input
16:24:33.737 [JavaFX Application Thread] DEBUG Bundle               - input.Move Right=D
16:24:33.737 [JavaFX Application Thread] DEBUG Bundle               - input.Screenshot=P
16:24:33.737 [JavaFX Application Thread] DEBUG Bundle               - input.System info dump=CTRL+9
16:24:33.737 [JavaFX Application Thread] DEBUG Bundle               - input.Restart=CTRL+R
16:24:33.737 [JavaFX Application Thread] DEBUG Bundle               - input.Move Up=W
16:24:33.737 [JavaFX Application Thread] DEBUG Bundle               - input.Dev Options=CTRL+0
16:24:33.737 [JavaFX Application Thread] DEBUG Bundle               - input.Move Left=A
16:24:33.737 [JavaFX Application Thread] DEBUG Bundle               - input.Move Down=S
16:24:33.737 [JavaFX Application Thread] DEBUG Bundle               - input.Shoot Space=Space
16:24:33.737 [JavaFX Application Thread] DEBUG Bundle               - Logging bundle: gameplayStats
16:24:33.737 [JavaFX Application Thread] DEBUG Bundle               - gameplayStats.playtime=16349999346
16:24:33.737 [JavaFX Application Thread] DEBUG AchievementManager   - Loading data from profile
16:24:33.737 [JavaFX Application Thread] DEBUG Bundle               - Logging bundle: achievement
16:24:33.738 [JavaFX Application Thread] DEBUG AssetLoader          - Loading from cache: /assets/properties/languages/english.properties
16:24:33.738 [JavaFX Application Thread] DEBUG AssetLoader          - Loading from cache: /assets/ui/fonts/VarelaRound-Regular.ttf
16:24:33.738 [JavaFX Application Thread] DEBUG AssetLoader          - Loading from cache: /assets/properties/languages/english.properties
16:24:33.738 [JavaFX Application Thread] DEBUG AssetLoader          - Loading from cache: /assets/ui/fonts/VarelaRound-Regular.ttf
16:24:33.739 [JavaFX Application Thread] DEBUG SaveLoadManager      - Loading last modified save file
16:24:33.740 [JavaFX Application Thread] DEBUG SaveLoadManager      - Loading save files
16:24:33.742 [JavaFX Application Thread] DEBUG AssetLoader          - Loading from cache: /assets/properties/languages/english.properties
16:24:33.742 [JavaFX Application Thread] DEBUG AssetLoader          - Loading from cache: /assets/ui/fonts/VarelaRound-Regular.ttf
16:24:33.742 [JavaFX Application Thread] DEBUG AssetLoader          - Loading from cache: /assets/ui/fonts/VarelaRound-Regular.ttf
16:24:33.742 [JavaFX Application Thread] DEBUG AppStateMachine      - Push state: DialogSubState
16:24:33.743 [JavaFX Application Thread] DEBUG Input                - Clearing active input actions
16:24:33.743 [JavaFX Application Thread] DEBUG AppStateMachine      - MainMenuState -> DialogSubState
16:24:33.768 [JavaFX Application Thread] DEBUG AppStateMachine      - Pop state: DialogSubState
16:24:33.768 [JavaFX Application Thread] DEBUG Input                - Clearing active input actions
16:24:33.770 [JavaFX Application Thread] DEBUG AppStateMachine      - MainMenuState <- DialogSubState
16:24:33.772 [JavaFX Application Thread] DEBUG AssetLoader          - Loading from cache: /assets/sounds/menu/select.wav
16:24:34.176 [JavaFX Application Thread] DEBUG AssetLoader          - Loading from cache: /assets/sounds/menu/select.wav
16:24:34.304 [JavaFX Application Thread] DEBUG AssetLoader          - Loading from cache: /assets/sounds/menu/select.wav
16:24:34.671 [JavaFX Application Thread] DEBUG FXGL.Menu            - fireNewGame()
16:24:34.671 [JavaFX Application Thread] DEBUG GameApplication      - Starting new game
16:24:34.671 [JavaFX Application Thread] DEBUG Input                - Clearing active input actions
16:24:34.672 [JavaFX Application Thread] DEBUG AssetLoader          - Loading from disk: /assets/ui/css/fxgl_dark.css
16:24:34.680 [JavaFX Application Thread] DEBUG AppStateMachine      - MainMenuState -> LoadingState
16:24:34.682 [FXGL Background Thread 1 ] DEBUG InitAppTask          - Clearing previous game
16:24:34.682 [FXGL Background Thread 1 ] DEBUG GameWorld            - Clearing game world
16:24:34.683 [FXGL Background Thread 1 ] DEBUG PhysicsWorld         - Clearing physics world
16:24:34.683 [FXGL Background Thread 1 ] DEBUG GameScene            - Clearing game scene
16:24:34.684 [FXGL Background Thread 1 ] DEBUG InitAppTask          - Initializing Game
16:24:34.705 [FXGL Background Thread 1 ] DEBUG AssetLoader          - Loading from disk: /assets/textures/gamesprite.png
16:24:34.713 [FXGL Background Thread 1 ] DEBUG GameScene            - Creating render group for layer: DEFAULT(100000)
16:24:34.804 [FXGL Background Thread 1 ] DEBUG AudioPlayer          - Playing music com.almasb.fxgl.audio.Music@5dbd3ee0
16:24:34.804 [FXGL Background Thread 1 ] DEBUG InitAppTask          - Initializing Physics
16:24:34.805 [FXGL Background Thread 1 ] DEBUG InitAppTask          - Initializing UI
16:24:34.805 [FXGL Background Thread 1 ] DEBUG AssetLoader          - Loading from disk: /assets/textures/background.png
16:24:34.827 [FXGL Background Thread 1 ] DEBUG AssetLoader          - Loading from cache: /assets/ui/fonts/VarelaRound-Regular.ttf
16:24:34.828 [FXGL Background Thread 1 ] DEBUG InitAppTask          - Initialization Complete
16:24:34.828 [FXGL Background Thread 1 ] INFO  InitAppTask          - Game initialization took: 0,146 sec
16:24:34.836 [JavaFX Application Thread] DEBUG Input                - Clearing active input actions
16:24:34.836 [JavaFX Application Thread] DEBUG AssetLoader          - Loading from disk: /assets/ui/css/fxgl_dark.css
16:24:34.840 [JavaFX Application Thread] DEBUG AppStateMachine      - LoadingState -> PlayState
16:24:36.724 [JavaFX Application Thread] DEBUG AssetLoader          - Loading from disk: /assets/textures/cosbyboss.png
16:24:38.708 [JavaFX Application Thread] DEBUG AssetLoader          - Loading from cache: /assets/textures/cosbyboss.png
16:24:39.445 [JavaFX Application Thread] DEBUG AssetLoader          - Loading from cache: /assets/sounds/oof.wav
16:24:39.765 [JavaFX Application Thread] DEBUG AssetLoader          - Loading from cache: /assets/sounds/oof.wav
16:24:39.781 [JavaFX Application Thread] DEBUG AssetLoader          - Loading from cache: /assets/sounds/oof.wav
16:24:40.708 [JavaFX Application Thread] DEBUG AssetLoader          - Loading from cache: /assets/textures/cosbyboss.png
16:24:41.827 [JavaFX Application Thread] DEBUG AssetLoader          - Loading from cache: /assets/sounds/oof.wav
16:24:41.843 [JavaFX Application Thread] DEBUG AssetLoader          - Loading from cache: /assets/sounds/oof.wav
16:24:42.676 [JavaFX Application Thread] DEBUG AssetLoader          - Loading from cache: /assets/textures/cosbyboss.png
16:24:44.644 [JavaFX Application Thread] DEBUG AssetLoader          - Loading from cache: /assets/textures/cosbyboss.png
16:24:44.645 [JavaFX Application Thread] DEBUG AssetLoader          - Loading from cache: /assets/sounds/oof.wav
16:24:44.660 [JavaFX Application Thread] DEBUG AssetLoader          - Loading from cache: /assets/sounds/oof.wav
16:24:44.804 [JavaFX Application Thread] DEBUG AssetLoader          - Loading from cache: /assets/sounds/oof.wav
16:24:44.836 [JavaFX Application Thread] DEBUG AssetLoader          - Loading from cache: /assets/sounds/oof.wav
16:24:46.580 [JavaFX Application Thread] DEBUG AssetLoader          - Loading from cache: /assets/textures/cosbyboss.png
16:24:47.492 [JavaFX Application Thread] DEBUG AssetLoader          - Loading from cache: /assets/sounds/oof.wav
16:24:47.493 [JavaFX Application Thread] DEBUG AssetLoader          - Loading from cache: /assets/sounds/oof.wav
16:24:48.516 [JavaFX Application Thread] DEBUG AssetLoader          - Loading from cache: /assets/textures/cosbyboss.png
16:24:50.563 [JavaFX Application Thread] DEBUG AssetLoader          - Loading from cache: /assets/textures/cosbyboss.png
16:24:51.625 [JavaFX Application Thread] DEBUG FXGL                 - Exiting FXGL
16:24:51.625 [JavaFX Application Thread] DEBUG MenuEventHandler     - Creating default profile
16:24:51.625 [JavaFX Application Thread] DEBUG EventBus             - Firing event: SaveEvent
16:24:51.625 [JavaFX Application Thread] DEBUG AudioPlayer          - Saving data to profile
16:24:51.626 [JavaFX Application Thread] DEBUG Bundle               - Logging bundle: audio
16:24:51.626 [JavaFX Application Thread] DEBUG Bundle               - audio.musicVolume=0.5
16:24:51.626 [JavaFX Application Thread] DEBUG Bundle               - audio.soundVolume=0.5
16:24:51.626 [JavaFX Application Thread] DEBUG Input                - Saving data to profile
16:24:51.626 [JavaFX Application Thread] DEBUG Bundle               - Logging bundle: input
16:24:51.626 [JavaFX Application Thread] DEBUG Bundle               - input.Move Right=D
16:24:51.626 [JavaFX Application Thread] DEBUG Bundle               - input.Screenshot=P
16:24:51.626 [JavaFX Application Thread] DEBUG Bundle               - input.System info dump=CTRL+9
16:24:51.626 [JavaFX Application Thread] DEBUG Bundle               - input.Restart=CTRL+R
16:24:51.626 [JavaFX Application Thread] DEBUG Bundle               - input.Move Up=W
16:24:51.626 [JavaFX Application Thread] DEBUG Bundle               - input.Dev Options=CTRL+0
16:24:51.626 [JavaFX Application Thread] DEBUG Bundle               - input.Move Left=A
16:24:51.626 [JavaFX Application Thread] DEBUG Bundle               - input.Move Down=S
16:24:51.626 [JavaFX Application Thread] DEBUG Bundle               - input.Shoot Space=Space
16:24:51.626 [JavaFX Application Thread] DEBUG Bundle               - Logging bundle: gameplayStats
16:24:51.626 [JavaFX Application Thread] DEBUG Bundle               - gameplayStats.playtime=33388458748
16:24:51.626 [JavaFX Application Thread] DEBUG AchievementManager   - Saving data to profile
16:24:51.626 [JavaFX Application Thread] DEBUG Bundle               - Logging bundle: achievement
16:24:51.626 [JavaFX Application Thread] DEBUG SaveLoadManager      - Saving profile: Martin
16:24:51.629 [JavaFX Application Thread] DEBUG DesktopFSService     - Writing to: .\profiles\Martin\user.profile
16:24:51.632 [JavaFX Application Thread] DEBUG FXGL                 - Shutting down background threads
16:24:51.632 [JavaFX Application Thread] DEBUG FXGL                 - Saving FXGL system data
16:24:51.634 [JavaFX Application Thread] DEBUG DesktopFSService     - Writing to: system\fxgl.bundle
16:24:51.636 [JavaFX Application Thread] DEBUG FXGL                 - Closing logger and exiting JavaFX
